{"/Users/shakedcrissy/FreshStart/server/src/app.ts": {"path":"/Users/shakedcrissy/FreshStart/server/src/app.ts","statementMap":{"0":{"start":{"line":1,"column":0},"end":{"line":1,"column":28}},"1":{"start":{"line":2,"column":0},"end":{"line":2,"column":80}},"2":{"start":{"line":3,"column":0},"end":{"line":3,"column":30}},"3":{"start":{"line":4,"column":0},"end":{"line":4,"column":24}},"4":{"start":{"line":5,"column":0},"end":{"line":5,"column":24}},"5":{"start":{"line":6,"column":0},"end":{"line":6,"column":43}},"6":{"start":{"line":7,"column":0},"end":{"line":7,"column":45}},"7":{"start":{"line":8,"column":0},"end":{"line":8,"column":45}},"8":{"start":{"line":9,"column":0},"end":{"line":9,"column":45}},"9":{"start":{"line":10,"column":0},"end":{"line":10,"column":51}},"10":{"start":{"line":11,"column":0},"end":{"line":11,"column":45}},"11":{"start":{"line":12,"column":0},"end":{"line":12,"column":51}},"12":{"start":{"line":13,"column":0},"end":{"line":13,"column":43}},"13":{"start":{"line":14,"column":0},"end":{"line":14,"column":40}},"14":{"start":{"line":15,"column":0},"end":{"line":15,"column":39}},"15":{"start":{"line":17,"column":13},"end":{"line":17,"column":29}},"16":{"start":{"line":19,"column":0},"end":{"line":24,"column":4}},"17":{"start":{"line":26,"column":0},"end":{"line":26,"column":24}},"18":{"start":{"line":27,"column":0},"end":{"line":27,"column":72}},"19":{"start":{"line":28,"column":0},"end":{"line":28,"column":31}},"20":{"start":{"line":29,"column":0},"end":{"line":29,"column":29}},"21":{"start":{"line":30,"column":0},"end":{"line":30,"column":31}},"22":{"start":{"line":31,"column":0},"end":{"line":31,"column":31}},"23":{"start":{"line":32,"column":0},"end":{"line":32,"column":37}},"24":{"start":{"line":33,"column":0},"end":{"line":33,"column":31}},"25":{"start":{"line":34,"column":0},"end":{"line":34,"column":37}},"26":{"start":{"line":35,"column":0},"end":{"line":35,"column":25}},"27":{"start":{"line":37,"column":0},"end":{"line":39,"column":3}},"28":{"start":{"line":38,"column":2},"end":{"line":38,"column":29}},"29":{"start":{"line":41,"column":0},"end":{"line":41,"column":68}}},"fnMap":{"0":{"name":"(anonymous_1)","decl":{"start":{"line":37,"column":19},"end":{"line":37,"column":20}},"loc":{"start":{"line":37,"column":33},"end":{"line":39,"column":1}}}},"branchMap":{"0":{"loc":{"start":{"line":2,"column":22},"end":{"line":2,"column":76}},"type":"cond-expr","locations":[{"start":{"line":2,"column":56},"end":{"line":2,"column":67}},{"start":{"line":2,"column":70},"end":{"line":2,"column":76}}]},"1":{"loc":{"start":{"line":20,"column":10},"end":{"line":22,"column":29}},"type":"cond-expr","locations":[{"start":{"line":21,"column":6},"end":{"line":21,"column":38}},{"start":{"line":22,"column":6},"end":{"line":22,"column":29}}]}},"s":{"0":10,"1":10,"2":10,"3":10,"4":10,"5":10,"6":10,"7":10,"8":10,"9":10,"10":10,"11":10,"12":10,"13":10,"14":10,"15":10,"16":10,"17":10,"18":10,"19":10,"20":10,"21":10,"22":10,"23":10,"24":10,"25":10,"26":10,"27":10,"28":1,"29":10},"f":{"0":1},"b":{"0":[10,0],"1":[0,10]}}
,"/Users/shakedcrissy/FreshStart/server/src/swagger.ts": {"path":"/Users/shakedcrissy/FreshStart/server/src/swagger.ts","statementMap":{"0":{"start":{"line":1,"column":0},"end":{"line":1,"column":41}},"1":{"start":{"line":3,"column":15},"end":{"line":3,"column":52}},"2":{"start":{"line":4,"column":18},"end":{"line":4,"column":65}},"3":{"start":{"line":6,"column":38},"end":{"line":29,"column":2}},"4":{"start":{"line":31,"column":13},"end":{"line":31,"column":49}}},"fnMap":{},"branchMap":{"0":{"loc":{"start":{"line":4,"column":18},"end":{"line":4,"column":65}},"type":"binary-expr","locations":[{"start":{"line":4,"column":18},"end":{"line":4,"column":38}},{"start":{"line":4,"column":42},"end":{"line":4,"column":65}}]}},"s":{"0":10,"1":10,"2":10,"3":10,"4":10},"f":{},"b":{"0":[10,10]}}
,"/Users/shakedcrissy/FreshStart/server/src/controllers/ai.controller.ts": {"path":"/Users/shakedcrissy/FreshStart/server/src/controllers/ai.controller.ts","statementMap":{"0":{"start":{"line":5,"column":0},"end":{"line":5,"column":7}},"1":{"start":{"line":2,"column":0},"end":{"line":2,"column":43}},"2":{"start":{"line":3,"column":0},"end":{"line":3,"column":59}},"3":{"start":{"line":6,"column":2},"end":{"line":23,"column":3}},"4":{"start":{"line":7,"column":18},"end":{"line":7,"column":39}},"5":{"start":{"line":8,"column":4},"end":{"line":11,"column":5}},"6":{"start":{"line":9,"column":6},"end":{"line":9,"column":59}},"7":{"start":{"line":10,"column":6},"end":{"line":10,"column":13}},"8":{"start":{"line":13,"column":18},"end":{"line":16,"column":16}},"9":{"start":{"line":18,"column":20},"end":{"line":18,"column":57}},"10":{"start":{"line":19,"column":4},"end":{"line":19,"column":22}},"11":{"start":{"line":21,"column":4},"end":{"line":21,"column":23}},"12":{"start":{"line":22,"column":4},"end":{"line":22,"column":53}}},"fnMap":{"0":{"name":"searchPosts","decl":{"start":{"line":5,"column":22},"end":{"line":5,"column":33}},"loc":{"start":{"line":5,"column":61},"end":{"line":24,"column":1}}}},"branchMap":{"0":{"loc":{"start":{"line":8,"column":4},"end":{"line":11,"column":5}},"type":"if","locations":[{"start":{"line":8,"column":4},"end":{"line":11,"column":5}},{"start":{},"end":{}}]},"1":{"loc":{"start":{"line":8,"column":8},"end":{"line":8,"column":43}},"type":"binary-expr","locations":[{"start":{"line":8,"column":8},"end":{"line":8,"column":14}},{"start":{"line":8,"column":18},"end":{"line":8,"column":43}}]}},"s":{"0":10,"1":10,"2":10,"3":0,"4":0,"5":0,"6":0,"7":0,"8":0,"9":0,"10":0,"11":0,"12":0},"f":{"0":0},"b":{"0":[0,0],"1":[0,0]}}
,"/Users/shakedcrissy/FreshStart/server/src/controllers/auth.controller.ts": {"path":"/Users/shakedcrissy/FreshStart/server/src/controllers/auth.controller.ts","statementMap":{"0":{"start":{"line":46,"column":0},"end":{"line":46,"column":7}},"1":{"start":{"line":70,"column":0},"end":{"line":70,"column":7}},"2":{"start":{"line":94,"column":0},"end":{"line":94,"column":7}},"3":{"start":{"line":132,"column":0},"end":{"line":132,"column":7}},"4":{"start":{"line":155,"column":0},"end":{"line":155,"column":7}},"5":{"start":{"line":1,"column":0},"end":{"line":1,"column":24}},"6":{"start":{"line":2,"column":0},"end":{"line":2,"column":28}},"7":{"start":{"line":3,"column":0},"end":{"line":3,"column":31}},"8":{"start":{"line":5,"column":0},"end":{"line":5,"column":43}},"9":{"start":{"line":6,"column":0},"end":{"line":6,"column":59}},"10":{"start":{"line":8,"column":23},"end":{"line":11,"column":2}},"11":{"start":{"line":13,"column":20},"end":{"line":16,"column":2}},"12":{"start":{"line":19,"column":23},"end":{"line":19,"column":66}},"13":{"start":{"line":20,"column":24},"end":{"line":20,"column":76}},"14":{"start":{"line":22,"column":22},"end":{"line":25,"column":null}},"15":{"start":{"line":28,"column":23},"end":{"line":31,"column":null}},"16":{"start":{"line":34,"column":20},"end":{"line":34,"column":30}},"17":{"start":{"line":35,"column":2},"end":{"line":35,"column":45}},"18":{"start":{"line":37,"column":2},"end":{"line":41,"column":5}},"19":{"start":{"line":43,"column":2},"end":{"line":43,"column":39}},"20":{"start":{"line":47,"column":2},"end":{"line":67,"column":3}},"21":{"start":{"line":48,"column":19},"end":{"line":48,"column":53}},"22":{"start":{"line":49,"column":4},"end":{"line":49,"column":81}},"23":{"start":{"line":49,"column":25},"end":{"line":49,"column":81}},"24":{"start":{"line":51,"column":35},"end":{"line":51,"column":46}},"25":{"start":{"line":52,"column":21},"end":{"line":52,"column":58}},"26":{"start":{"line":53,"column":4},"end":{"line":53,"column":83}},"27":{"start":{"line":53,"column":18},"end":{"line":53,"column":83}},"28":{"start":{"line":55,"column":25},"end":{"line":55,"column":56}},"29":{"start":{"line":56,"column":17},"end":{"line":56,"column":67}},"30":{"start":{"line":58,"column":42},"end":{"line":58,"column":98}},"31":{"start":{"line":60,"column":4},"end":{"line":64,"column":7}},"32":{"start":{"line":66,"column":4},"end":{"line":66,"column":68}},"33":{"start":{"line":71,"column":2},"end":{"line":91,"column":3}},"34":{"start":{"line":72,"column":19},"end":{"line":72,"column":50}},"35":{"start":{"line":73,"column":4},"end":{"line":73,"column":81}},"36":{"start":{"line":73,"column":25},"end":{"line":73,"column":81}},"37":{"start":{"line":75,"column":35},"end":{"line":75,"column":46}},"38":{"start":{"line":76,"column":17},"end":{"line":76,"column":54}},"39":{"start":{"line":77,"column":4},"end":{"line":77,"column":99}},"40":{"start":{"line":77,"column":37},"end":{"line":77,"column":99}},"41":{"start":{"line":79,"column":15},"end":{"line":79,"column":64}},"42":{"start":{"line":80,"column":4},"end":{"line":80,"column":75}},"43":{"start":{"line":80,"column":13},"end":{"line":80,"column":75}},"44":{"start":{"line":82,"column":42},"end":{"line":82,"column":98}},"45":{"start":{"line":84,"column":4},"end":{"line":88,"column":7}},"46":{"start":{"line":90,"column":4},"end":{"line":90,"column":68}},"47":{"start":{"line":95,"column":2},"end":{"line":129,"column":3}},"48":{"start":{"line":96,"column":27},"end":{"line":96,"column":35}},"49":{"start":{"line":97,"column":4},"end":{"line":97,"column":85}},"50":{"start":{"line":97,"column":21},"end":{"line":97,"column":85}},"51":{"start":{"line":99,"column":21},"end":{"line":99,"column":108}},"52":{"start":{"line":100,"column":20},"end":{"line":100,"column":41}},"53":{"start":{"line":102,"column":4},"end":{"line":102,"column":87}},"54":{"start":{"line":102,"column":24},"end":{"line":102,"column":87}},"55":{"start":{"line":104,"column":15},"end":{"line":104,"column":65}},"56":{"start":{"line":106,"column":4},"end":{"line":118,"column":5}},"57":{"start":{"line":107,"column":32},"end":{"line":107,"column":59}},"58":{"start":{"line":108,"column":31},"end":{"line":108,"column":87}},"59":{"start":{"line":109,"column":28},"end":{"line":111,"column":27}},"60":{"start":{"line":113,"column":6},"end":{"line":117,"column":9}},"61":{"start":{"line":120,"column":42},"end":{"line":120,"column":98}},"62":{"start":{"line":122,"column":4},"end":{"line":126,"column":7}},"63":{"start":{"line":128,"column":4},"end":{"line":128,"column":75}},"64":{"start":{"line":133,"column":27},"end":{"line":133,"column":35}},"65":{"start":{"line":134,"column":2},"end":{"line":134,"column":86}},"66":{"start":{"line":134,"column":21},"end":{"line":134,"column":86}},"67":{"start":{"line":136,"column":22},"end":{"line":136,"column":78}},"68":{"start":{"line":137,"column":2},"end":{"line":137,"column":84}},"69":{"start":{"line":137,"column":20},"end":{"line":137,"column":84}},"70":{"start":{"line":139,"column":2},"end":{"line":152,"column":3}},"71":{"start":{"line":140,"column":19},"end":{"line":140,"column":71}},"72":{"start":{"line":141,"column":20},"end":{"line":141,"column":59}},"73":{"start":{"line":143,"column":27},"end":{"line":146,"column":null}},"74":{"start":{"line":149,"column":4},"end":{"line":149,"column":65}},"75":{"start":{"line":151,"column":4},"end":{"line":151,"column":68}},"76":{"start":{"line":156,"column":2},"end":{"line":164,"column":3}},"77":{"start":{"line":157,"column":29},"end":{"line":157,"column":37}},"78":{"start":{"line":158,"column":4},"end":{"line":158,"column":88}},"79":{"start":{"line":158,"column":23},"end":{"line":158,"column":88}},"80":{"start":{"line":160,"column":4},"end":{"line":160,"column":63}},"81":{"start":{"line":161,"column":4},"end":{"line":161,"column":72}},"82":{"start":{"line":163,"column":4},"end":{"line":163,"column":68}}},"fnMap":{"0":{"name":"generateTokens","decl":{"start":{"line":18,"column":15},"end":{"line":18,"column":29}},"loc":{"start":{"line":18,"column":62},"end":{"line":44,"column":1}}},"1":{"name":"register","decl":{"start":{"line":46,"column":22},"end":{"line":46,"column":30}},"loc":{"start":{"line":46,"column":58},"end":{"line":68,"column":1}}},"2":{"name":"login","decl":{"start":{"line":70,"column":22},"end":{"line":70,"column":27}},"loc":{"start":{"line":70,"column":55},"end":{"line":92,"column":1}}},"3":{"name":"googleLogin","decl":{"start":{"line":94,"column":22},"end":{"line":94,"column":33}},"loc":{"start":{"line":94,"column":61},"end":{"line":130,"column":1}}},"4":{"name":"refresh","decl":{"start":{"line":132,"column":22},"end":{"line":132,"column":29}},"loc":{"start":{"line":132,"column":57},"end":{"line":153,"column":1}}},"5":{"name":"logout","decl":{"start":{"line":155,"column":22},"end":{"line":155,"column":28}},"loc":{"start":{"line":155,"column":56},"end":{"line":165,"column":1}}}},"branchMap":{"0":{"loc":{"start":{"line":19,"column":23},"end":{"line":19,"column":66}},"type":"binary-expr","locations":[{"start":{"line":19,"column":23},"end":{"line":19,"column":45}},{"start":{"line":19,"column":49},"end":{"line":19,"column":66}}]},"1":{"loc":{"start":{"line":20,"column":24},"end":{"line":20,"column":76}},"type":"binary-expr","locations":[{"start":{"line":20,"column":24},"end":{"line":20,"column":54}},{"start":{"line":20,"column":58},"end":{"line":20,"column":76}}]},"2":{"loc":{"start":{"line":49,"column":4},"end":{"line":49,"column":81}},"type":"if","locations":[{"start":{"line":49,"column":4},"end":{"line":49,"column":81}},{"start":{},"end":{}}]},"3":{"loc":{"start":{"line":53,"column":4},"end":{"line":53,"column":83}},"type":"if","locations":[{"start":{"line":53,"column":4},"end":{"line":53,"column":83}},{"start":{},"end":{}}]},"4":{"loc":{"start":{"line":63,"column":78},"end":{"line":63,"column":101}},"type":"binary-expr","locations":[{"start":{"line":63,"column":78},"end":{"line":63,"column":95}},{"start":{"line":63,"column":99},"end":{"line":63,"column":101}}]},"5":{"loc":{"start":{"line":63,"column":110},"end":{"line":63,"column":126}},"type":"binary-expr","locations":[{"start":{"line":63,"column":110},"end":{"line":63,"column":120}},{"start":{"line":63,"column":124},"end":{"line":63,"column":126}}]},"6":{"loc":{"start":{"line":73,"column":4},"end":{"line":73,"column":81}},"type":"if","locations":[{"start":{"line":73,"column":4},"end":{"line":73,"column":81}},{"start":{},"end":{}}]},"7":{"loc":{"start":{"line":77,"column":4},"end":{"line":77,"column":99}},"type":"if","locations":[{"start":{"line":77,"column":4},"end":{"line":77,"column":99}},{"start":{},"end":{}}]},"8":{"loc":{"start":{"line":77,"column":8},"end":{"line":77,"column":35}},"type":"binary-expr","locations":[{"start":{"line":77,"column":8},"end":{"line":77,"column":13}},{"start":{"line":77,"column":17},"end":{"line":77,"column":35}}]},"9":{"loc":{"start":{"line":80,"column":4},"end":{"line":80,"column":75}},"type":"if","locations":[{"start":{"line":80,"column":4},"end":{"line":80,"column":75}},{"start":{},"end":{}}]},"10":{"loc":{"start":{"line":87,"column":78},"end":{"line":87,"column":101}},"type":"binary-expr","locations":[{"start":{"line":87,"column":78},"end":{"line":87,"column":95}},{"start":{"line":87,"column":99},"end":{"line":87,"column":101}}]},"11":{"loc":{"start":{"line":87,"column":110},"end":{"line":87,"column":126}},"type":"binary-expr","locations":[{"start":{"line":87,"column":110},"end":{"line":87,"column":120}},{"start":{"line":87,"column":124},"end":{"line":87,"column":126}}]},"12":{"loc":{"start":{"line":97,"column":4},"end":{"line":97,"column":85}},"type":"if","locations":[{"start":{"line":97,"column":4},"end":{"line":97,"column":85}},{"start":{},"end":{}}]},"13":{"loc":{"start":{"line":102,"column":4},"end":{"line":102,"column":87}},"type":"if","locations":[{"start":{"line":102,"column":4},"end":{"line":102,"column":87}},{"start":{},"end":{}}]},"14":{"loc":{"start":{"line":106,"column":4},"end":{"line":118,"column":5}},"type":"if","locations":[{"start":{"line":106,"column":4},"end":{"line":118,"column":5}},{"start":{},"end":{}}]},"15":{"loc":{"start":{"line":109,"column":28},"end":{"line":111,"column":27}},"type":"cond-expr","locations":[{"start":{"line":110,"column":10},"end":{"line":110,"column":68}},{"start":{"line":111,"column":10},"end":{"line":111,"column":27}}]},"16":{"loc":{"start":{"line":125,"column":78},"end":{"line":125,"column":101}},"type":"binary-expr","locations":[{"start":{"line":125,"column":78},"end":{"line":125,"column":95}},{"start":{"line":125,"column":99},"end":{"line":125,"column":101}}]},"17":{"loc":{"start":{"line":125,"column":110},"end":{"line":125,"column":126}},"type":"binary-expr","locations":[{"start":{"line":125,"column":110},"end":{"line":125,"column":120}},{"start":{"line":125,"column":124},"end":{"line":125,"column":126}}]},"18":{"loc":{"start":{"line":134,"column":2},"end":{"line":134,"column":86}},"type":"if","locations":[{"start":{"line":134,"column":2},"end":{"line":134,"column":86}},{"start":{},"end":{}}]},"19":{"loc":{"start":{"line":137,"column":2},"end":{"line":137,"column":84}},"type":"if","locations":[{"start":{"line":137,"column":2},"end":{"line":137,"column":84}},{"start":{},"end":{}}]},"20":{"loc":{"start":{"line":140,"column":19},"end":{"line":140,"column":71}},"type":"binary-expr","locations":[{"start":{"line":140,"column":19},"end":{"line":140,"column":49}},{"start":{"line":140,"column":53},"end":{"line":140,"column":71}}]},"21":{"loc":{"start":{"line":145,"column":6},"end":{"line":145,"column":49}},"type":"binary-expr","locations":[{"start":{"line":145,"column":6},"end":{"line":145,"column":28}},{"start":{"line":145,"column":32},"end":{"line":145,"column":49}}]},"22":{"loc":{"start":{"line":158,"column":4},"end":{"line":158,"column":88}},"type":"if","locations":[{"start":{"line":158,"column":4},"end":{"line":158,"column":88}},{"start":{},"end":{}}]}},"s":{"0":10,"1":10,"2":10,"3":10,"4":10,"5":10,"6":10,"7":10,"8":10,"9":10,"10":10,"11":10,"12":10,"13":10,"14":10,"15":10,"16":10,"17":10,"18":10,"19":10,"20":12,"21":12,"22":12,"23":2,"24":10,"25":10,"26":10,"27":1,"28":9,"29":9,"30":9,"31":9,"32":0,"33":4,"34":4,"35":4,"36":1,"37":3,"38":3,"39":3,"40":1,"41":2,"42":2,"43":1,"44":1,"45":1,"46":0,"47":0,"48":0,"49":0,"50":0,"51":0,"52":0,"53":0,"54":0,"55":0,"56":0,"57":0,"58":0,"59":0,"60":0,"61":0,"62":0,"63":0,"64":6,"65":6,"66":1,"67":5,"68":5,"69":4,"70":1,"71":1,"72":1,"73":1,"74":1,"75":0,"76":3,"77":3,"78":3,"79":1,"80":2,"81":2,"82":0},"f":{"0":10,"1":12,"2":4,"3":0,"4":6,"5":3},"b":{"0":[10,0],"1":[10,0],"2":[2,10],"3":[1,9],"4":[9,9],"5":[9,9],"6":[1,3],"7":[1,2],"8":[3,2],"9":[1,1],"10":[1,1],"11":[1,1],"12":[0,0],"13":[0,0],"14":[0,0],"15":[0,0],"16":[0,0],"17":[0,0],"18":[1,5],"19":[4,1],"20":[1,0],"21":[1,0],"22":[1,2]}}
,"/Users/shakedcrissy/FreshStart/server/src/controllers/comment.controller.ts": {"path":"/Users/shakedcrissy/FreshStart/server/src/controllers/comment.controller.ts","statementMap":{"0":{"start":{"line":7,"column":0},"end":{"line":7,"column":7}},"1":{"start":{"line":26,"column":0},"end":{"line":26,"column":7}},"2":{"start":{"line":40,"column":0},"end":{"line":40,"column":7}},"3":{"start":{"line":3,"column":0},"end":{"line":3,"column":49}},"4":{"start":{"line":4,"column":0},"end":{"line":4,"column":43}},"5":{"start":{"line":5,"column":0},"end":{"line":5,"column":32}},"6":{"start":{"line":8,"column":2},"end":{"line":23,"column":3}},"7":{"start":{"line":9,"column":19},"end":{"line":9,"column":75}},"8":{"start":{"line":10,"column":21},"end":{"line":10,"column":66}},"9":{"start":{"line":11,"column":21},"end":{"line":11,"column":29}},"10":{"start":{"line":13,"column":4},"end":{"line":13,"column":74}},"11":{"start":{"line":13,"column":15},"end":{"line":13,"column":74}},"12":{"start":{"line":15,"column":20},"end":{"line":15,"column":73}},"13":{"start":{"line":16,"column":4},"end":{"line":16,"column":78}},"14":{"start":{"line":18,"column":22},"end":{"line":18,"column":114}},"15":{"start":{"line":20,"column":4},"end":{"line":20,"column":43}},"16":{"start":{"line":22,"column":4},"end":{"line":22,"column":68}},"17":{"start":{"line":27,"column":2},"end":{"line":37,"column":3}},"18":{"start":{"line":28,"column":19},"end":{"line":28,"column":75}},"19":{"start":{"line":30,"column":21},"end":{"line":32,"column":85}},"20":{"start":{"line":34,"column":4},"end":{"line":34,"column":42}},"21":{"start":{"line":36,"column":4},"end":{"line":36,"column":68}},"22":{"start":{"line":41,"column":2},"end":{"line":58,"column":3}},"23":{"start":{"line":42,"column":26},"end":{"line":42,"column":36}},"24":{"start":{"line":43,"column":19},"end":{"line":43,"column":35}},"25":{"start":{"line":45,"column":20},"end":{"line":45,"column":58}},"26":{"start":{"line":46,"column":4},"end":{"line":46,"column":78}},"27":{"start":{"line":46,"column":18},"end":{"line":46,"column":78}},"28":{"start":{"line":48,"column":4},"end":{"line":50,"column":5}},"29":{"start":{"line":49,"column":6},"end":{"line":49,"column":63}},"30":{"start":{"line":52,"column":4},"end":{"line":52,"column":52}},"31":{"start":{"line":53,"column":4},"end":{"line":53,"column":87}},"32":{"start":{"line":55,"column":4},"end":{"line":55,"column":64}},"33":{"start":{"line":57,"column":4},"end":{"line":57,"column":68}}},"fnMap":{"0":{"name":"addComment","decl":{"start":{"line":7,"column":22},"end":{"line":7,"column":32}},"loc":{"start":{"line":7,"column":73},"end":{"line":24,"column":1}}},"1":{"name":"getComments","decl":{"start":{"line":26,"column":22},"end":{"line":26,"column":33}},"loc":{"start":{"line":26,"column":74},"end":{"line":38,"column":1}}},"2":{"name":"deleteComment","decl":{"start":{"line":40,"column":22},"end":{"line":40,"column":35}},"loc":{"start":{"line":40,"column":76},"end":{"line":59,"column":1}}}},"branchMap":{"0":{"loc":{"start":{"line":13,"column":4},"end":{"line":13,"column":74}},"type":"if","locations":[{"start":{"line":13,"column":4},"end":{"line":13,"column":74}},{"start":{},"end":{}}]},"1":{"loc":{"start":{"line":46,"column":4},"end":{"line":46,"column":78}},"type":"if","locations":[{"start":{"line":46,"column":4},"end":{"line":46,"column":78}},{"start":{},"end":{}}]},"2":{"loc":{"start":{"line":48,"column":4},"end":{"line":50,"column":5}},"type":"if","locations":[{"start":{"line":48,"column":4},"end":{"line":50,"column":5}},{"start":{},"end":{}}]}},"s":{"0":10,"1":10,"2":10,"3":10,"4":10,"5":10,"6":5,"7":5,"8":5,"9":5,"10":5,"11":1,"12":4,"13":4,"14":4,"15":4,"16":0,"17":1,"18":1,"19":1,"20":1,"21":0,"22":2,"23":2,"24":2,"25":2,"26":2,"27":0,"28":2,"29":1,"30":1,"31":1,"32":1,"33":0},"f":{"0":5,"1":1,"2":2},"b":{"0":[1,4],"1":[0,2],"2":[1,1]}}
,"/Users/shakedcrissy/FreshStart/server/src/controllers/like.controller.ts": {"path":"/Users/shakedcrissy/FreshStart/server/src/controllers/like.controller.ts","statementMap":{"0":{"start":{"line":7,"column":0},"end":{"line":7,"column":7}},"1":{"start":{"line":24,"column":0},"end":{"line":24,"column":7}},"2":{"start":{"line":41,"column":0},"end":{"line":41,"column":7}},"3":{"start":{"line":3,"column":0},"end":{"line":3,"column":51}},"4":{"start":{"line":4,"column":0},"end":{"line":4,"column":43}},"5":{"start":{"line":5,"column":0},"end":{"line":5,"column":32}},"6":{"start":{"line":8,"column":2},"end":{"line":21,"column":3}},"7":{"start":{"line":9,"column":19},"end":{"line":9,"column":75}},"8":{"start":{"line":10,"column":19},"end":{"line":10,"column":64}},"9":{"start":{"line":12,"column":21},"end":{"line":12,"column":68}},"10":{"start":{"line":13,"column":4},"end":{"line":13,"column":74}},"11":{"start":{"line":13,"column":18},"end":{"line":13,"column":74}},"12":{"start":{"line":15,"column":4},"end":{"line":15,"column":51}},"13":{"start":{"line":16,"column":4},"end":{"line":16,"column":75}},"14":{"start":{"line":18,"column":4},"end":{"line":18,"column":54}},"15":{"start":{"line":20,"column":4},"end":{"line":20,"column":68}},"16":{"start":{"line":25,"column":2},"end":{"line":38,"column":3}},"17":{"start":{"line":26,"column":19},"end":{"line":26,"column":75}},"18":{"start":{"line":27,"column":19},"end":{"line":27,"column":64}},"19":{"start":{"line":29,"column":21},"end":{"line":29,"column":68}},"20":{"start":{"line":30,"column":4},"end":{"line":30,"column":76}},"21":{"start":{"line":30,"column":19},"end":{"line":30,"column":76}},"22":{"start":{"line":32,"column":4},"end":{"line":32,"column":54}},"23":{"start":{"line":33,"column":4},"end":{"line":33,"column":76}},"24":{"start":{"line":35,"column":4},"end":{"line":35,"column":56}},"25":{"start":{"line":37,"column":4},"end":{"line":37,"column":68}},"26":{"start":{"line":42,"column":2},"end":{"line":52,"column":3}},"27":{"start":{"line":43,"column":19},"end":{"line":43,"column":75}},"28":{"start":{"line":44,"column":19},"end":{"line":44,"column":64}},"29":{"start":{"line":46,"column":18},"end":{"line":46,"column":64}},"30":{"start":{"line":47,"column":18},"end":{"line":47,"column":65}},"31":{"start":{"line":49,"column":4},"end":{"line":49,"column":59}},"32":{"start":{"line":51,"column":4},"end":{"line":51,"column":68}}},"fnMap":{"0":{"name":"likePost","decl":{"start":{"line":7,"column":22},"end":{"line":7,"column":30}},"loc":{"start":{"line":7,"column":71},"end":{"line":22,"column":1}}},"1":{"name":"unlikePost","decl":{"start":{"line":24,"column":22},"end":{"line":24,"column":32}},"loc":{"start":{"line":24,"column":73},"end":{"line":39,"column":1}}},"2":{"name":"getLikes","decl":{"start":{"line":41,"column":22},"end":{"line":41,"column":30}},"loc":{"start":{"line":41,"column":71},"end":{"line":53,"column":1}}}},"branchMap":{"0":{"loc":{"start":{"line":13,"column":4},"end":{"line":13,"column":74}},"type":"if","locations":[{"start":{"line":13,"column":4},"end":{"line":13,"column":74}},{"start":{},"end":{}}]},"1":{"loc":{"start":{"line":30,"column":4},"end":{"line":30,"column":76}},"type":"if","locations":[{"start":{"line":30,"column":4},"end":{"line":30,"column":76}},{"start":{},"end":{}}]}},"s":{"0":10,"1":10,"2":10,"3":10,"4":10,"5":10,"6":5,"7":5,"8":5,"9":5,"10":5,"11":1,"12":4,"13":4,"14":4,"15":0,"16":2,"17":2,"18":2,"19":2,"20":2,"21":1,"22":1,"23":1,"24":1,"25":0,"26":1,"27":1,"28":1,"29":1,"30":1,"31":1,"32":0},"f":{"0":5,"1":2,"2":1},"b":{"0":[1,4],"1":[1,1]}}
,"/Users/shakedcrissy/FreshStart/server/src/controllers/post.controller.ts": {"path":"/Users/shakedcrissy/FreshStart/server/src/controllers/post.controller.ts","statementMap":{"0":{"start":{"line":8,"column":0},"end":{"line":8,"column":7}},"1":{"start":{"line":31,"column":0},"end":{"line":31,"column":7}},"2":{"start":{"line":66,"column":0},"end":{"line":66,"column":7}},"3":{"start":{"line":106,"column":0},"end":{"line":106,"column":7}},"4":{"start":{"line":2,"column":0},"end":{"line":2,"column":43}},"5":{"start":{"line":3,"column":0},"end":{"line":3,"column":51}},"6":{"start":{"line":5,"column":0},"end":{"line":5,"column":24}},"7":{"start":{"line":6,"column":0},"end":{"line":6,"column":20}},"8":{"start":{"line":9,"column":2},"end":{"line":28,"column":3}},"9":{"start":{"line":10,"column":21},"end":{"line":10,"column":29}},"10":{"start":{"line":11,"column":4},"end":{"line":11,"column":74}},"11":{"start":{"line":11,"column":15},"end":{"line":11,"column":74}},"12":{"start":{"line":13,"column":22},"end":{"line":13,"column":69}},"13":{"start":{"line":15,"column":17},"end":{"line":19,"column":6}},"14":{"start":{"line":21,"column":22},"end":{"line":21,"column":111}},"15":{"start":{"line":22,"column":20},"end":{"line":22,"column":47}},"16":{"start":{"line":23,"column":4},"end":{"line":23,"column":28}},"17":{"start":{"line":25,"column":4},"end":{"line":25,"column":41}},"18":{"start":{"line":27,"column":4},"end":{"line":27,"column":68}},"19":{"start":{"line":32,"column":2},"end":{"line":63,"column":3}},"20":{"start":{"line":33,"column":18},"end":{"line":33,"column":59}},"21":{"start":{"line":34,"column":19},"end":{"line":34,"column":57}},"22":{"start":{"line":35,"column":19},"end":{"line":35,"column":35}},"23":{"start":{"line":37,"column":18},"end":{"line":37,"column":56}},"24":{"start":{"line":39,"column":18},"end":{"line":42,"column":85}},"25":{"start":{"line":44,"column":20},"end":{"line":44,"column":41}},"26":{"start":{"line":44,"column":35},"end":{"line":44,"column":40}},"27":{"start":{"line":45,"column":22},"end":{"line":48,"column":23}},"28":{"start":{"line":50,"column":25},"end":{"line":50,"column":79}},"29":{"start":{"line":50,"column":55},"end":{"line":50,"column":77}},"30":{"start":{"line":52,"column":27},"end":{"line":56,"column":6}},"31":{"start":{"line":53,"column":22},"end":{"line":53,"column":44}},"32":{"start":{"line":54,"column":6},"end":{"line":54,"column":62}},"33":{"start":{"line":55,"column":6},"end":{"line":55,"column":21}},"34":{"start":{"line":58,"column":23},"end":{"line":58,"column":91}},"35":{"start":{"line":60,"column":4},"end":{"line":60,"column":71}},"36":{"start":{"line":62,"column":4},"end":{"line":62,"column":68}},"37":{"start":{"line":67,"column":2},"end":{"line":103,"column":3}},"38":{"start":{"line":68,"column":19},"end":{"line":68,"column":29}},"39":{"start":{"line":69,"column":34},"end":{"line":69,"column":42}},"40":{"start":{"line":70,"column":19},"end":{"line":70,"column":35}},"41":{"start":{"line":72,"column":17},"end":{"line":72,"column":45}},"42":{"start":{"line":73,"column":4},"end":{"line":73,"column":72}},"43":{"start":{"line":73,"column":15},"end":{"line":73,"column":72}},"44":{"start":{"line":75,"column":4},"end":{"line":77,"column":5}},"45":{"start":{"line":76,"column":6},"end":{"line":76,"column":63}},"46":{"start":{"line":79,"column":4},"end":{"line":89,"column":5}},"47":{"start":{"line":80,"column":22},"end":{"line":80,"column":68}},"48":{"start":{"line":81,"column":6},"end":{"line":81,"column":57}},"49":{"start":{"line":81,"column":34},"end":{"line":81,"column":57}},"50":{"start":{"line":82,"column":6},"end":{"line":82,"column":26}},"51":{"start":{"line":83,"column":11},"end":{"line":89,"column":5}},"52":{"start":{"line":84,"column":6},"end":{"line":87,"column":7}},"53":{"start":{"line":85,"column":24},"end":{"line":85,"column":70}},"54":{"start":{"line":86,"column":8},"end":{"line":86,"column":59}},"55":{"start":{"line":86,"column":36},"end":{"line":86,"column":59}},"56":{"start":{"line":88,"column":6},"end":{"line":88,"column":55}},"57":{"start":{"line":91,"column":4},"end":{"line":91,"column":31}},"58":{"start":{"line":91,"column":14},"end":{"line":91,"column":31}},"59":{"start":{"line":92,"column":4},"end":{"line":92,"column":22}},"60":{"start":{"line":94,"column":22},"end":{"line":94,"column":111}},"61":{"start":{"line":95,"column":20},"end":{"line":95,"column":76}},"62":{"start":{"line":97,"column":20},"end":{"line":97,"column":47}},"63":{"start":{"line":98,"column":4},"end":{"line":98,"column":32}},"64":{"start":{"line":100,"column":4},"end":{"line":100,"column":41}},"65":{"start":{"line":102,"column":4},"end":{"line":102,"column":68}},"66":{"start":{"line":107,"column":2},"end":{"line":126,"column":3}},"67":{"start":{"line":108,"column":19},"end":{"line":108,"column":29}},"68":{"start":{"line":110,"column":17},"end":{"line":110,"column":45}},"69":{"start":{"line":111,"column":4},"end":{"line":111,"column":72}},"70":{"start":{"line":111,"column":15},"end":{"line":111,"column":72}},"71":{"start":{"line":113,"column":4},"end":{"line":115,"column":5}},"72":{"start":{"line":114,"column":6},"end":{"line":114,"column":63}},"73":{"start":{"line":117,"column":4},"end":{"line":120,"column":5}},"74":{"start":{"line":118,"column":22},"end":{"line":118,"column":68}},"75":{"start":{"line":119,"column":6},"end":{"line":119,"column":57}},"76":{"start":{"line":119,"column":34},"end":{"line":119,"column":57}},"77":{"start":{"line":122,"column":4},"end":{"line":122,"column":42}},"78":{"start":{"line":123,"column":4},"end":{"line":123,"column":61}},"79":{"start":{"line":125,"column":4},"end":{"line":125,"column":68}}},"fnMap":{"0":{"name":"createPost","decl":{"start":{"line":8,"column":22},"end":{"line":8,"column":32}},"loc":{"start":{"line":8,"column":73},"end":{"line":29,"column":1}}},"1":{"name":"getFeed","decl":{"start":{"line":31,"column":22},"end":{"line":31,"column":29}},"loc":{"start":{"line":31,"column":70},"end":{"line":64,"column":1}}},"2":{"name":"(anonymous_3)","decl":{"start":{"line":44,"column":30},"end":{"line":44,"column":31}},"loc":{"start":{"line":44,"column":35},"end":{"line":44,"column":40}}},"3":{"name":"(anonymous_4)","decl":{"start":{"line":50,"column":47},"end":{"line":50,"column":51}},"loc":{"start":{"line":50,"column":55},"end":{"line":50,"column":77}}},"4":{"name":"(anonymous_5)","decl":{"start":{"line":52,"column":37},"end":{"line":52,"column":41}},"loc":{"start":{"line":52,"column":44},"end":{"line":56,"column":5}}},"5":{"name":"editPost","decl":{"start":{"line":66,"column":22},"end":{"line":66,"column":30}},"loc":{"start":{"line":66,"column":71},"end":{"line":104,"column":1}}},"6":{"name":"deletePost","decl":{"start":{"line":106,"column":22},"end":{"line":106,"column":32}},"loc":{"start":{"line":106,"column":73},"end":{"line":127,"column":1}}}},"branchMap":{"0":{"loc":{"start":{"line":11,"column":4},"end":{"line":11,"column":74}},"type":"if","locations":[{"start":{"line":11,"column":4},"end":{"line":11,"column":74}},{"start":{},"end":{}}]},"1":{"loc":{"start":{"line":13,"column":22},"end":{"line":13,"column":69}},"type":"cond-expr","locations":[{"start":{"line":13,"column":33},"end":{"line":13,"column":64}},{"start":{"line":13,"column":67},"end":{"line":13,"column":69}}]},"2":{"loc":{"start":{"line":33,"column":18},"end":{"line":33,"column":59}},"type":"binary-expr","locations":[{"start":{"line":33,"column":18},"end":{"line":33,"column":53}},{"start":{"line":33,"column":57},"end":{"line":33,"column":59}}]},"3":{"loc":{"start":{"line":37,"column":18},"end":{"line":37,"column":56}},"type":"cond-expr","locations":[{"start":{"line":37,"column":27},"end":{"line":37,"column":51}},{"start":{"line":37,"column":54},"end":{"line":37,"column":56}}]},"4":{"loc":{"start":{"line":58,"column":23},"end":{"line":58,"column":91}},"type":"cond-expr","locations":[{"start":{"line":58,"column":48},"end":{"line":58,"column":84}},{"start":{"line":58,"column":87},"end":{"line":58,"column":91}}]},"5":{"loc":{"start":{"line":58,"column":48},"end":{"line":58,"column":84}},"type":"binary-expr","locations":[{"start":{"line":58,"column":48},"end":{"line":58,"column":76}},{"start":{"line":58,"column":80},"end":{"line":58,"column":84}}]},"6":{"loc":{"start":{"line":73,"column":4},"end":{"line":73,"column":72}},"type":"if","locations":[{"start":{"line":73,"column":4},"end":{"line":73,"column":72}},{"start":{},"end":{}}]},"7":{"loc":{"start":{"line":75,"column":4},"end":{"line":77,"column":5}},"type":"if","locations":[{"start":{"line":75,"column":4},"end":{"line":77,"column":5}},{"start":{},"end":{}}]},"8":{"loc":{"start":{"line":79,"column":4},"end":{"line":89,"column":5}},"type":"if","locations":[{"start":{"line":79,"column":4},"end":{"line":89,"column":5}},{"start":{"line":83,"column":11},"end":{"line":89,"column":5}}]},"9":{"loc":{"start":{"line":79,"column":8},"end":{"line":79,"column":48}},"type":"binary-expr","locations":[{"start":{"line":79,"column":8},"end":{"line":79,"column":30}},{"start":{"line":79,"column":34},"end":{"line":79,"column":48}}]},"10":{"loc":{"start":{"line":81,"column":6},"end":{"line":81,"column":57}},"type":"if","locations":[{"start":{"line":81,"column":6},"end":{"line":81,"column":57}},{"start":{},"end":{}}]},"11":{"loc":{"start":{"line":83,"column":11},"end":{"line":89,"column":5}},"type":"if","locations":[{"start":{"line":83,"column":11},"end":{"line":89,"column":5}},{"start":{},"end":{}}]},"12":{"loc":{"start":{"line":84,"column":6},"end":{"line":87,"column":7}},"type":"if","locations":[{"start":{"line":84,"column":6},"end":{"line":87,"column":7}},{"start":{},"end":{}}]},"13":{"loc":{"start":{"line":86,"column":8},"end":{"line":86,"column":59}},"type":"if","locations":[{"start":{"line":86,"column":8},"end":{"line":86,"column":59}},{"start":{},"end":{}}]},"14":{"loc":{"start":{"line":91,"column":4},"end":{"line":91,"column":31}},"type":"if","locations":[{"start":{"line":91,"column":4},"end":{"line":91,"column":31}},{"start":{},"end":{}}]},"15":{"loc":{"start":{"line":111,"column":4},"end":{"line":111,"column":72}},"type":"if","locations":[{"start":{"line":111,"column":4},"end":{"line":111,"column":72}},{"start":{},"end":{}}]},"16":{"loc":{"start":{"line":113,"column":4},"end":{"line":115,"column":5}},"type":"if","locations":[{"start":{"line":113,"column":4},"end":{"line":115,"column":5}},{"start":{},"end":{}}]},"17":{"loc":{"start":{"line":117,"column":4},"end":{"line":120,"column":5}},"type":"if","locations":[{"start":{"line":117,"column":4},"end":{"line":120,"column":5}},{"start":{},"end":{}}]},"18":{"loc":{"start":{"line":119,"column":6},"end":{"line":119,"column":57}},"type":"if","locations":[{"start":{"line":119,"column":6},"end":{"line":119,"column":57}},{"start":{},"end":{}}]}},"s":{"0":10,"1":10,"2":10,"3":10,"4":10,"5":10,"6":10,"7":10,"8":7,"9":7,"10":7,"11":1,"12":6,"13":6,"14":6,"15":6,"16":6,"17":6,"18":0,"19":1,"20":1,"21":1,"22":1,"23":1,"24":1,"25":1,"26":1,"27":1,"28":1,"29":0,"30":1,"31":1,"32":1,"33":1,"34":1,"35":1,"36":0,"37":2,"38":2,"39":2,"40":2,"41":2,"42":2,"43":0,"44":2,"45":1,"46":1,"47":0,"48":0,"49":0,"50":0,"51":1,"52":0,"53":0,"54":0,"55":0,"56":0,"57":1,"58":1,"59":1,"60":1,"61":1,"62":1,"63":1,"64":1,"65":0,"66":2,"67":2,"68":2,"69":2,"70":0,"71":2,"72":1,"73":1,"74":0,"75":0,"76":0,"77":1,"78":1,"79":0},"f":{"0":7,"1":1,"2":1,"3":0,"4":1,"5":2,"6":2},"b":{"0":[1,6],"1":[0,6],"2":[1,1],"3":[0,1],"4":[0,1],"5":[0,0],"6":[0,2],"7":[1,1],"8":[0,1],"9":[1,0],"10":[0,0],"11":[0,1],"12":[0,0],"13":[0,0],"14":[1,0],"15":[0,2],"16":[1,1],"17":[0,1],"18":[0,0]}}
,"/Users/shakedcrissy/FreshStart/server/src/controllers/quitting.controller.ts": {"path":"/Users/shakedcrissy/FreshStart/server/src/controllers/quitting.controller.ts","statementMap":{"0":{"start":{"line":17,"column":0},"end":{"line":17,"column":7}},"1":{"start":{"line":48,"column":0},"end":{"line":48,"column":7}},"2":{"start":{"line":80,"column":0},"end":{"line":80,"column":7}},"3":{"start":{"line":116,"column":0},"end":{"line":116,"column":7}},"4":{"start":{"line":151,"column":0},"end":{"line":151,"column":7}},"5":{"start":{"line":188,"column":0},"end":{"line":188,"column":7}},"6":{"start":{"line":211,"column":0},"end":{"line":211,"column":7}},"7":{"start":{"line":2,"column":0},"end":{"line":2,"column":43}},"8":{"start":{"line":6,"column":14},"end":{"line":6,"column":24}},"9":{"start":{"line":7,"column":15},"end":{"line":7,"column":50}},"10":{"start":{"line":9,"column":15},"end":{"line":9,"column":55}},"11":{"start":{"line":10,"column":16},"end":{"line":10,"column":77}},"12":{"start":{"line":11,"column":18},"end":{"line":11,"column":69}},"13":{"start":{"line":13,"column":2},"end":{"line":13,"column":34}},"14":{"start":{"line":18,"column":2},"end":{"line":44,"column":3}},"15":{"start":{"line":19,"column":20},"end":{"line":19,"column":44}},"16":{"start":{"line":20,"column":4},"end":{"line":20,"column":72}},"17":{"start":{"line":20,"column":17},"end":{"line":20,"column":72}},"18":{"start":{"line":22,"column":17},"end":{"line":22,"column":49}},"19":{"start":{"line":23,"column":4},"end":{"line":23,"column":72}},"20":{"start":{"line":23,"column":15},"end":{"line":23,"column":72}},"21":{"start":{"line":25,"column":16},"end":{"line":31,"column":6}},"22":{"start":{"line":33,"column":4},"end":{"line":39,"column":5}},"23":{"start":{"line":34,"column":6},"end":{"line":38,"column":8}},"24":{"start":{"line":41,"column":4},"end":{"line":41,"column":27}},"25":{"start":{"line":43,"column":4},"end":{"line":43,"column":68}},"26":{"start":{"line":49,"column":2},"end":{"line":76,"column":3}},"27":{"start":{"line":50,"column":23},"end":{"line":50,"column":33}},"28":{"start":{"line":52,"column":17},"end":{"line":52,"column":49}},"29":{"start":{"line":53,"column":4},"end":{"line":53,"column":72}},"30":{"start":{"line":53,"column":15},"end":{"line":53,"column":72}},"31":{"start":{"line":55,"column":16},"end":{"line":62,"column":6}},"32":{"start":{"line":64,"column":4},"end":{"line":71,"column":5}},"33":{"start":{"line":65,"column":6},"end":{"line":70,"column":8}},"34":{"start":{"line":73,"column":4},"end":{"line":73,"column":27}},"35":{"start":{"line":75,"column":4},"end":{"line":75,"column":68}},"36":{"start":{"line":81,"column":2},"end":{"line":112,"column":3}},"37":{"start":{"line":82,"column":20},"end":{"line":82,"column":44}},"38":{"start":{"line":83,"column":4},"end":{"line":83,"column":72}},"39":{"start":{"line":83,"column":17},"end":{"line":83,"column":72}},"40":{"start":{"line":85,"column":17},"end":{"line":85,"column":49}},"41":{"start":{"line":86,"column":4},"end":{"line":86,"column":72}},"42":{"start":{"line":86,"column":15},"end":{"line":86,"column":72}},"43":{"start":{"line":89,"column":4},"end":{"line":98,"column":5}},"44":{"start":{"line":90,"column":22},"end":{"line":90,"column":32}},"45":{"start":{"line":91,"column":27},"end":{"line":91,"column":79}},"46":{"start":{"line":93,"column":6},"end":{"line":97,"column":9}},"47":{"start":{"line":101,"column":4},"end":{"line":101,"column":40}},"48":{"start":{"line":102,"column":4},"end":{"line":102,"column":22}},"49":{"start":{"line":104,"column":18},"end":{"line":104,"column":65}},"50":{"start":{"line":105,"column":4},"end":{"line":109,"column":7}},"51":{"start":{"line":111,"column":4},"end":{"line":111,"column":68}},"52":{"start":{"line":117,"column":2},"end":{"line":147,"column":3}},"53":{"start":{"line":118,"column":20},"end":{"line":118,"column":44}},"54":{"start":{"line":119,"column":4},"end":{"line":119,"column":72}},"55":{"start":{"line":119,"column":17},"end":{"line":119,"column":72}},"56":{"start":{"line":121,"column":17},"end":{"line":121,"column":49}},"57":{"start":{"line":122,"column":4},"end":{"line":122,"column":72}},"58":{"start":{"line":122,"column":15},"end":{"line":122,"column":72}},"59":{"start":{"line":124,"column":4},"end":{"line":126,"column":5}},"60":{"start":{"line":125,"column":6},"end":{"line":125,"column":75}},"61":{"start":{"line":128,"column":20},"end":{"line":128,"column":30}},"62":{"start":{"line":129,"column":25},"end":{"line":129,"column":77}},"63":{"start":{"line":131,"column":4},"end":{"line":135,"column":7}},"64":{"start":{"line":137,"column":4},"end":{"line":137,"column":34}},"65":{"start":{"line":138,"column":4},"end":{"line":138,"column":22}},"66":{"start":{"line":140,"column":4},"end":{"line":144,"column":7}},"67":{"start":{"line":146,"column":4},"end":{"line":146,"column":68}},"68":{"start":{"line":152,"column":2},"end":{"line":184,"column":3}},"69":{"start":{"line":153,"column":20},"end":{"line":153,"column":44}},"70":{"start":{"line":154,"column":4},"end":{"line":154,"column":72}},"71":{"start":{"line":154,"column":17},"end":{"line":154,"column":72}},"72":{"start":{"line":156,"column":24},"end":{"line":156,"column":32}},"73":{"start":{"line":157,"column":4},"end":{"line":157,"column":77}},"74":{"start":{"line":157,"column":18},"end":{"line":157,"column":77}},"75":{"start":{"line":159,"column":23},"end":{"line":159,"column":40}},"76":{"start":{"line":160,"column":4},"end":{"line":162,"column":5}},"77":{"start":{"line":161,"column":6},"end":{"line":161,"column":68}},"78":{"start":{"line":165,"column":4},"end":{"line":167,"column":5}},"79":{"start":{"line":166,"column":6},"end":{"line":166,"column":77}},"80":{"start":{"line":169,"column":17},"end":{"line":169,"column":49}},"81":{"start":{"line":170,"column":4},"end":{"line":170,"column":72}},"82":{"start":{"line":170,"column":15},"end":{"line":170,"column":72}},"83":{"start":{"line":172,"column":4},"end":{"line":172,"column":40}},"84":{"start":{"line":173,"column":4},"end":{"line":173,"column":22}},"85":{"start":{"line":175,"column":18},"end":{"line":175,"column":65}},"86":{"start":{"line":176,"column":4},"end":{"line":181,"column":7}},"87":{"start":{"line":183,"column":4},"end":{"line":183,"column":68}},"88":{"start":{"line":189,"column":2},"end":{"line":207,"column":3}},"89":{"start":{"line":190,"column":20},"end":{"line":190,"column":44}},"90":{"start":{"line":191,"column":4},"end":{"line":191,"column":72}},"91":{"start":{"line":191,"column":17},"end":{"line":191,"column":72}},"92":{"start":{"line":193,"column":17},"end":{"line":193,"column":49}},"93":{"start":{"line":194,"column":4},"end":{"line":194,"column":72}},"94":{"start":{"line":194,"column":15},"end":{"line":194,"column":72}},"95":{"start":{"line":196,"column":4},"end":{"line":204,"column":7}},"96":{"start":{"line":206,"column":4},"end":{"line":206,"column":68}},"97":{"start":{"line":212,"column":2},"end":{"line":229,"column":3}},"98":{"start":{"line":213,"column":23},"end":{"line":213,"column":33}},"99":{"start":{"line":215,"column":17},"end":{"line":215,"column":49}},"100":{"start":{"line":216,"column":4},"end":{"line":216,"column":72}},"101":{"start":{"line":216,"column":15},"end":{"line":216,"column":72}},"102":{"start":{"line":218,"column":4},"end":{"line":226,"column":7}},"103":{"start":{"line":228,"column":4},"end":{"line":228,"column":68}}},"fnMap":{"0":{"name":"calculateTimeDifference","decl":{"start":{"line":5,"column":9},"end":{"line":5,"column":32}},"loc":{"start":{"line":5,"column":48},"end":{"line":14,"column":1}}},"1":{"name":"getQuittingStats","decl":{"start":{"line":17,"column":22},"end":{"line":17,"column":38}},"loc":{"start":{"line":17,"column":66},"end":{"line":45,"column":1}}},"2":{"name":"getUserQuittingStats","decl":{"start":{"line":48,"column":22},"end":{"line":48,"column":42}},"loc":{"start":{"line":48,"column":70},"end":{"line":77,"column":1}}},"3":{"name":"startQuitting","decl":{"start":{"line":80,"column":22},"end":{"line":80,"column":35}},"loc":{"start":{"line":80,"column":63},"end":{"line":113,"column":1}}},"4":{"name":"stopQuitting","decl":{"start":{"line":116,"column":22},"end":{"line":116,"column":34}},"loc":{"start":{"line":116,"column":62},"end":{"line":148,"column":1}}},"5":{"name":"updateQuittingDate","decl":{"start":{"line":151,"column":22},"end":{"line":151,"column":40}},"loc":{"start":{"line":151,"column":68},"end":{"line":185,"column":1}}},"6":{"name":"getQuittingHistory","decl":{"start":{"line":188,"column":22},"end":{"line":188,"column":40}},"loc":{"start":{"line":188,"column":68},"end":{"line":208,"column":1}}},"7":{"name":"getUserQuittingHistory","decl":{"start":{"line":211,"column":22},"end":{"line":211,"column":44}},"loc":{"start":{"line":211,"column":72},"end":{"line":230,"column":1}}}},"branchMap":{"0":{"loc":{"start":{"line":20,"column":4},"end":{"line":20,"column":72}},"type":"if","locations":[{"start":{"line":20,"column":4},"end":{"line":20,"column":72}},{"start":{},"end":{}}]},"1":{"loc":{"start":{"line":23,"column":4},"end":{"line":23,"column":72}},"type":"if","locations":[{"start":{"line":23,"column":4},"end":{"line":23,"column":72}},{"start":{},"end":{}}]},"2":{"loc":{"start":{"line":33,"column":4},"end":{"line":39,"column":5}},"type":"if","locations":[{"start":{"line":33,"column":4},"end":{"line":39,"column":5}},{"start":{},"end":{}}]},"3":{"loc":{"start":{"line":53,"column":4},"end":{"line":53,"column":72}},"type":"if","locations":[{"start":{"line":53,"column":4},"end":{"line":53,"column":72}},{"start":{},"end":{}}]},"4":{"loc":{"start":{"line":64,"column":4},"end":{"line":71,"column":5}},"type":"if","locations":[{"start":{"line":64,"column":4},"end":{"line":71,"column":5}},{"start":{},"end":{}}]},"5":{"loc":{"start":{"line":83,"column":4},"end":{"line":83,"column":72}},"type":"if","locations":[{"start":{"line":83,"column":4},"end":{"line":83,"column":72}},{"start":{},"end":{}}]},"6":{"loc":{"start":{"line":86,"column":4},"end":{"line":86,"column":72}},"type":"if","locations":[{"start":{"line":86,"column":4},"end":{"line":86,"column":72}},{"start":{},"end":{}}]},"7":{"loc":{"start":{"line":89,"column":4},"end":{"line":98,"column":5}},"type":"if","locations":[{"start":{"line":89,"column":4},"end":{"line":98,"column":5}},{"start":{},"end":{}}]},"8":{"loc":{"start":{"line":119,"column":4},"end":{"line":119,"column":72}},"type":"if","locations":[{"start":{"line":119,"column":4},"end":{"line":119,"column":72}},{"start":{},"end":{}}]},"9":{"loc":{"start":{"line":122,"column":4},"end":{"line":122,"column":72}},"type":"if","locations":[{"start":{"line":122,"column":4},"end":{"line":122,"column":72}},{"start":{},"end":{}}]},"10":{"loc":{"start":{"line":124,"column":4},"end":{"line":126,"column":5}},"type":"if","locations":[{"start":{"line":124,"column":4},"end":{"line":126,"column":5}},{"start":{},"end":{}}]},"11":{"loc":{"start":{"line":154,"column":4},"end":{"line":154,"column":72}},"type":"if","locations":[{"start":{"line":154,"column":4},"end":{"line":154,"column":72}},{"start":{},"end":{}}]},"12":{"loc":{"start":{"line":157,"column":4},"end":{"line":157,"column":77}},"type":"if","locations":[{"start":{"line":157,"column":4},"end":{"line":157,"column":77}},{"start":{},"end":{}}]},"13":{"loc":{"start":{"line":160,"column":4},"end":{"line":162,"column":5}},"type":"if","locations":[{"start":{"line":160,"column":4},"end":{"line":162,"column":5}},{"start":{},"end":{}}]},"14":{"loc":{"start":{"line":165,"column":4},"end":{"line":167,"column":5}},"type":"if","locations":[{"start":{"line":165,"column":4},"end":{"line":167,"column":5}},{"start":{},"end":{}}]},"15":{"loc":{"start":{"line":170,"column":4},"end":{"line":170,"column":72}},"type":"if","locations":[{"start":{"line":170,"column":4},"end":{"line":170,"column":72}},{"start":{},"end":{}}]},"16":{"loc":{"start":{"line":191,"column":4},"end":{"line":191,"column":72}},"type":"if","locations":[{"start":{"line":191,"column":4},"end":{"line":191,"column":72}},{"start":{},"end":{}}]},"17":{"loc":{"start":{"line":194,"column":4},"end":{"line":194,"column":72}},"type":"if","locations":[{"start":{"line":194,"column":4},"end":{"line":194,"column":72}},{"start":{},"end":{}}]},"18":{"loc":{"start":{"line":197,"column":15},"end":{"line":197,"column":41}},"type":"binary-expr","locations":[{"start":{"line":197,"column":15},"end":{"line":197,"column":35}},{"start":{"line":197,"column":39},"end":{"line":197,"column":41}}]},"19":{"loc":{"start":{"line":198,"column":22},"end":{"line":203,"column":14}},"type":"cond-expr","locations":[{"start":{"line":199,"column":10},"end":{"line":202,"column":null}},{"start":{"line":203,"column":10},"end":{"line":203,"column":14}}]},"20":{"loc":{"start":{"line":216,"column":4},"end":{"line":216,"column":72}},"type":"if","locations":[{"start":{"line":216,"column":4},"end":{"line":216,"column":72}},{"start":{},"end":{}}]},"21":{"loc":{"start":{"line":219,"column":15},"end":{"line":219,"column":41}},"type":"binary-expr","locations":[{"start":{"line":219,"column":15},"end":{"line":219,"column":35}},{"start":{"line":219,"column":39},"end":{"line":219,"column":41}}]},"22":{"loc":{"start":{"line":220,"column":22},"end":{"line":225,"column":14}},"type":"cond-expr","locations":[{"start":{"line":221,"column":10},"end":{"line":224,"column":null}},{"start":{"line":225,"column":10},"end":{"line":225,"column":14}}]}},"s":{"0":10,"1":10,"2":10,"3":10,"4":10,"5":10,"6":10,"7":10,"8":0,"9":0,"10":0,"11":0,"12":0,"13":0,"14":0,"15":0,"16":0,"17":0,"18":0,"19":0,"20":0,"21":0,"22":0,"23":0,"24":0,"25":0,"26":0,"27":0,"28":0,"29":0,"30":0,"31":0,"32":0,"33":0,"34":0,"35":0,"36":0,"37":0,"38":0,"39":0,"40":0,"41":0,"42":0,"43":0,"44":0,"45":0,"46":0,"47":0,"48":0,"49":0,"50":0,"51":0,"52":0,"53":0,"54":0,"55":0,"56":0,"57":0,"58":0,"59":0,"60":0,"61":0,"62":0,"63":0,"64":0,"65":0,"66":0,"67":0,"68":0,"69":0,"70":0,"71":0,"72":0,"73":0,"74":0,"75":0,"76":0,"77":0,"78":0,"79":0,"80":0,"81":0,"82":0,"83":0,"84":0,"85":0,"86":0,"87":0,"88":0,"89":0,"90":0,"91":0,"92":0,"93":0,"94":0,"95":0,"96":0,"97":0,"98":0,"99":0,"100":0,"101":0,"102":0,"103":0},"f":{"0":0,"1":0,"2":0,"3":0,"4":0,"5":0,"6":0,"7":0},"b":{"0":[0,0],"1":[0,0],"2":[0,0],"3":[0,0],"4":[0,0],"5":[0,0],"6":[0,0],"7":[0,0],"8":[0,0],"9":[0,0],"10":[0,0],"11":[0,0],"12":[0,0],"13":[0,0],"14":[0,0],"15":[0,0],"16":[0,0],"17":[0,0],"18":[0,0],"19":[0,0],"20":[0,0],"21":[0,0],"22":[0,0]}}
,"/Users/shakedcrissy/FreshStart/server/src/controllers/user.controller.ts": {"path":"/Users/shakedcrissy/FreshStart/server/src/controllers/user.controller.ts","statementMap":{"0":{"start":{"line":9,"column":0},"end":{"line":9,"column":7}},"1":{"start":{"line":24,"column":0},"end":{"line":24,"column":7}},"2":{"start":{"line":56,"column":0},"end":{"line":56,"column":7}},"3":{"start":{"line":3,"column":0},"end":{"line":3,"column":43}},"4":{"start":{"line":4,"column":0},"end":{"line":4,"column":43}},"5":{"start":{"line":5,"column":0},"end":{"line":5,"column":51}},"6":{"start":{"line":6,"column":0},"end":{"line":6,"column":24}},"7":{"start":{"line":7,"column":0},"end":{"line":7,"column":20}},"8":{"start":{"line":10,"column":2},"end":{"line":21,"column":3}},"9":{"start":{"line":11,"column":21},"end":{"line":11,"column":50}},"10":{"start":{"line":13,"column":17},"end":{"line":13,"column":85}},"11":{"start":{"line":14,"column":4},"end":{"line":14,"column":72}},"12":{"start":{"line":14,"column":15},"end":{"line":14,"column":72}},"13":{"start":{"line":16,"column":23},"end":{"line":16,"column":86}},"14":{"start":{"line":18,"column":4},"end":{"line":18,"column":57}},"15":{"start":{"line":20,"column":4},"end":{"line":20,"column":68}},"16":{"start":{"line":25,"column":2},"end":{"line":53,"column":3}},"17":{"start":{"line":26,"column":19},"end":{"line":26,"column":35}},"18":{"start":{"line":27,"column":25},"end":{"line":27,"column":33}},"19":{"start":{"line":29,"column":17},"end":{"line":29,"column":49}},"20":{"start":{"line":30,"column":4},"end":{"line":30,"column":72}},"21":{"start":{"line":30,"column":15},"end":{"line":30,"column":72}},"22":{"start":{"line":32,"column":4},"end":{"line":36,"column":5}},"23":{"start":{"line":33,"column":23},"end":{"line":33,"column":80}},"24":{"start":{"line":34,"column":6},"end":{"line":34,"column":85}},"25":{"start":{"line":34,"column":20},"end":{"line":34,"column":85}},"26":{"start":{"line":35,"column":6},"end":{"line":35,"column":31}},"27":{"start":{"line":38,"column":4},"end":{"line":44,"column":5}},"28":{"start":{"line":39,"column":6},"end":{"line":42,"column":7}},"29":{"start":{"line":40,"column":24},"end":{"line":40,"column":73}},"30":{"start":{"line":41,"column":8},"end":{"line":41,"column":59}},"31":{"start":{"line":41,"column":36},"end":{"line":41,"column":59}},"32":{"start":{"line":43,"column":6},"end":{"line":43,"column":58}},"33":{"start":{"line":46,"column":4},"end":{"line":46,"column":22}},"34":{"start":{"line":48,"column":20},"end":{"line":48,"column":42}},"35":{"start":{"line":49,"column":4},"end":{"line":49,"column":32}},"36":{"start":{"line":50,"column":4},"end":{"line":50,"column":41}},"37":{"start":{"line":52,"column":4},"end":{"line":52,"column":68}},"38":{"start":{"line":57,"column":2},"end":{"line":85,"column":3}},"39":{"start":{"line":58,"column":21},"end":{"line":58,"column":50}},"40":{"start":{"line":59,"column":19},"end":{"line":59,"column":35}},"41":{"start":{"line":61,"column":17},"end":{"line":61,"column":61}},"42":{"start":{"line":62,"column":4},"end":{"line":62,"column":72}},"43":{"start":{"line":62,"column":15},"end":{"line":62,"column":72}},"44":{"start":{"line":64,"column":18},"end":{"line":66,"column":85}},"45":{"start":{"line":68,"column":20},"end":{"line":68,"column":41}},"46":{"start":{"line":68,"column":35},"end":{"line":68,"column":40}},"47":{"start":{"line":69,"column":22},"end":{"line":72,"column":23}},"48":{"start":{"line":74,"column":25},"end":{"line":74,"column":79}},"49":{"start":{"line":74,"column":55},"end":{"line":74,"column":77}},"50":{"start":{"line":76,"column":27},"end":{"line":80,"column":6}},"51":{"start":{"line":77,"column":22},"end":{"line":77,"column":44}},"52":{"start":{"line":78,"column":6},"end":{"line":78,"column":62}},"53":{"start":{"line":79,"column":6},"end":{"line":79,"column":21}},"54":{"start":{"line":82,"column":4},"end":{"line":82,"column":48}},"55":{"start":{"line":84,"column":4},"end":{"line":84,"column":68}}},"fnMap":{"0":{"name":"getProfile","decl":{"start":{"line":9,"column":22},"end":{"line":9,"column":32}},"loc":{"start":{"line":9,"column":73},"end":{"line":22,"column":1}}},"1":{"name":"updateProfile","decl":{"start":{"line":24,"column":22},"end":{"line":24,"column":35}},"loc":{"start":{"line":24,"column":76},"end":{"line":54,"column":1}}},"2":{"name":"getUserPosts","decl":{"start":{"line":56,"column":22},"end":{"line":56,"column":34}},"loc":{"start":{"line":56,"column":75},"end":{"line":86,"column":1}}},"3":{"name":"(anonymous_4)","decl":{"start":{"line":68,"column":30},"end":{"line":68,"column":31}},"loc":{"start":{"line":68,"column":35},"end":{"line":68,"column":40}}},"4":{"name":"(anonymous_5)","decl":{"start":{"line":74,"column":47},"end":{"line":74,"column":51}},"loc":{"start":{"line":74,"column":55},"end":{"line":74,"column":77}}},"5":{"name":"(anonymous_6)","decl":{"start":{"line":76,"column":37},"end":{"line":76,"column":41}},"loc":{"start":{"line":76,"column":44},"end":{"line":80,"column":5}}}},"branchMap":{"0":{"loc":{"start":{"line":14,"column":4},"end":{"line":14,"column":72}},"type":"if","locations":[{"start":{"line":14,"column":4},"end":{"line":14,"column":72}},{"start":{},"end":{}}]},"1":{"loc":{"start":{"line":30,"column":4},"end":{"line":30,"column":72}},"type":"if","locations":[{"start":{"line":30,"column":4},"end":{"line":30,"column":72}},{"start":{},"end":{}}]},"2":{"loc":{"start":{"line":32,"column":4},"end":{"line":36,"column":5}},"type":"if","locations":[{"start":{"line":32,"column":4},"end":{"line":36,"column":5}},{"start":{},"end":{}}]},"3":{"loc":{"start":{"line":32,"column":8},"end":{"line":32,"column":46}},"type":"binary-expr","locations":[{"start":{"line":32,"column":8},"end":{"line":32,"column":16}},{"start":{"line":32,"column":20},"end":{"line":32,"column":46}}]},"4":{"loc":{"start":{"line":34,"column":6},"end":{"line":34,"column":85}},"type":"if","locations":[{"start":{"line":34,"column":6},"end":{"line":34,"column":85}},{"start":{},"end":{}}]},"5":{"loc":{"start":{"line":38,"column":4},"end":{"line":44,"column":5}},"type":"if","locations":[{"start":{"line":38,"column":4},"end":{"line":44,"column":5}},{"start":{},"end":{}}]},"6":{"loc":{"start":{"line":39,"column":6},"end":{"line":42,"column":7}},"type":"if","locations":[{"start":{"line":39,"column":6},"end":{"line":42,"column":7}},{"start":{},"end":{}}]},"7":{"loc":{"start":{"line":41,"column":8},"end":{"line":41,"column":59}},"type":"if","locations":[{"start":{"line":41,"column":8},"end":{"line":41,"column":59}},{"start":{},"end":{}}]},"8":{"loc":{"start":{"line":62,"column":4},"end":{"line":62,"column":72}},"type":"if","locations":[{"start":{"line":62,"column":4},"end":{"line":62,"column":72}},{"start":{},"end":{}}]}},"s":{"0":10,"1":10,"2":10,"3":10,"4":10,"5":10,"6":10,"7":10,"8":2,"9":2,"10":2,"11":2,"12":1,"13":1,"14":1,"15":0,"16":2,"17":2,"18":2,"19":2,"20":2,"21":0,"22":2,"23":2,"24":2,"25":1,"26":1,"27":1,"28":0,"29":0,"30":0,"31":0,"32":0,"33":1,"34":1,"35":1,"36":1,"37":0,"38":1,"39":1,"40":1,"41":1,"42":1,"43":0,"44":1,"45":1,"46":1,"47":1,"48":1,"49":0,"50":1,"51":1,"52":1,"53":1,"54":1,"55":0},"f":{"0":2,"1":2,"2":1,"3":1,"4":0,"5":1},"b":{"0":[1,1],"1":[0,2],"2":[2,0],"3":[2,2],"4":[1,1],"5":[0,1],"6":[0,0],"7":[0,0],"8":[0,1]}}
,"/Users/shakedcrissy/FreshStart/server/src/middleware/auth.middleware.ts": {"path":"/Users/shakedcrissy/FreshStart/server/src/middleware/auth.middleware.ts","statementMap":{"0":{"start":{"line":13,"column":0},"end":{"line":13,"column":16}},"1":{"start":{"line":2,"column":0},"end":{"line":2,"column":31}},"2":{"start":{"line":18,"column":17},"end":{"line":18,"column":42}},"3":{"start":{"line":20,"column":2},"end":{"line":22,"column":3}},"4":{"start":{"line":21,"column":4},"end":{"line":21,"column":86}},"5":{"start":{"line":24,"column":16},"end":{"line":24,"column":53}},"6":{"start":{"line":26,"column":17},"end":{"line":26,"column":39}},"7":{"start":{"line":27,"column":2},"end":{"line":29,"column":3}},"8":{"start":{"line":28,"column":4},"end":{"line":28,"column":68}},"9":{"start":{"line":31,"column":2},"end":{"line":43,"column":3}},"10":{"start":{"line":32,"column":20},"end":{"line":32,"column":null}},"11":{"start":{"line":39,"column":4},"end":{"line":39,"column":70}},"12":{"start":{"line":40,"column":4},"end":{"line":40,"column":18}},"13":{"start":{"line":42,"column":4},"end":{"line":42,"column":71}}},"fnMap":{"0":{"name":"requireAuth","decl":{"start":{"line":13,"column":16},"end":{"line":13,"column":27}},"loc":{"start":{"line":16,"column":20},"end":{"line":44,"column":1}}}},"branchMap":{"0":{"loc":{"start":{"line":20,"column":2},"end":{"line":22,"column":3}},"type":"if","locations":[{"start":{"line":20,"column":2},"end":{"line":22,"column":3}},{"start":{},"end":{}}]},"1":{"loc":{"start":{"line":20,"column":6},"end":{"line":20,"column":46}},"type":"binary-expr","locations":[{"start":{"line":20,"column":6},"end":{"line":20,"column":13}},{"start":{"line":20,"column":17},"end":{"line":20,"column":46}}]},"2":{"loc":{"start":{"line":27,"column":2},"end":{"line":29,"column":3}},"type":"if","locations":[{"start":{"line":27,"column":2},"end":{"line":29,"column":3}},{"start":{},"end":{}}]}},"s":{"0":10,"1":10,"2":43,"3":43,"4":6,"5":37,"6":37,"7":37,"8":0,"9":37,"10":37,"11":35,"12":35,"13":2},"f":{"0":43},"b":{"0":[6,37],"1":[43,38],"2":[0,37]}}
,"/Users/shakedcrissy/FreshStart/server/src/models/Comment.ts": {"path":"/Users/shakedcrissy/FreshStart/server/src/models/Comment.ts","statementMap":{"0":{"start":{"line":1,"column":0},"end":{"line":1,"column":68}},"1":{"start":{"line":3,"column":22},"end":{"line":20,"column":null}},"2":{"start":{"line":25,"column":13},"end":{"line":27,"column":52}}},"fnMap":{},"branchMap":{"0":{"loc":{"start":{"line":26,"column":3},"end":{"line":27,"column":51}},"type":"binary-expr","locations":[{"start":{"line":26,"column":3},"end":{"line":26,"column":45}},{"start":{"line":27,"column":2},"end":{"line":27,"column":51}}]}},"s":{"0":10,"1":10,"2":10},"f":{},"b":{"0":[10,10]}}
,"/Users/shakedcrissy/FreshStart/server/src/models/Post.ts": {"path":"/Users/shakedcrissy/FreshStart/server/src/models/Post.ts","statementMap":{"0":{"start":{"line":1,"column":0},"end":{"line":1,"column":68}},"1":{"start":{"line":3,"column":19},"end":{"line":27,"column":null}},"2":{"start":{"line":42,"column":13},"end":{"line":43,"column":84}}},"fnMap":{},"branchMap":{"0":{"loc":{"start":{"line":43,"column":3},"end":{"line":43,"column":83}},"type":"binary-expr","locations":[{"start":{"line":43,"column":3},"end":{"line":43,"column":39}},{"start":{"line":43,"column":43},"end":{"line":43,"column":83}}]}},"s":{"0":10,"1":10,"2":10},"f":{},"b":{"0":[10,10]}}
,"/Users/shakedcrissy/FreshStart/server/src/models/PostLike.ts": {"path":"/Users/shakedcrissy/FreshStart/server/src/models/PostLike.ts","statementMap":{"0":{"start":{"line":1,"column":0},"end":{"line":1,"column":68}},"1":{"start":{"line":3,"column":23},"end":{"line":16,"column":null}},"2":{"start":{"line":19,"column":0},"end":{"line":19,"column":65}},"3":{"start":{"line":23,"column":13},"end":{"line":25,"column":55}}},"fnMap":{},"branchMap":{"0":{"loc":{"start":{"line":24,"column":3},"end":{"line":25,"column":54}},"type":"binary-expr","locations":[{"start":{"line":24,"column":3},"end":{"line":24,"column":47}},{"start":{"line":25,"column":2},"end":{"line":25,"column":54}}]}},"s":{"0":10,"1":10,"2":10,"3":10},"f":{},"b":{"0":[10,10]}}
,"/Users/shakedcrissy/FreshStart/server/src/models/RefreshToken.ts": {"path":"/Users/shakedcrissy/FreshStart/server/src/models/RefreshToken.ts","statementMap":{"0":{"start":{"line":1,"column":0},"end":{"line":1,"column":44}},"1":{"start":{"line":3,"column":27},"end":{"line":17,"column":2}},"2":{"start":{"line":19,"column":0},"end":{"line":19,"column":70}},"3":{"start":{"line":21,"column":13},"end":{"line":21,"column":84}}},"fnMap":{},"branchMap":{},"s":{"0":10,"1":10,"2":10,"3":10},"f":{},"b":{}}
,"/Users/shakedcrissy/FreshStart/server/src/models/User.ts": {"path":"/Users/shakedcrissy/FreshStart/server/src/models/User.ts","statementMap":{"0":{"start":{"line":1,"column":0},"end":{"line":1,"column":68}},"1":{"start":{"line":3,"column":19},"end":{"line":54,"column":null}},"2":{"start":{"line":59,"column":13},"end":{"line":60,"column":84}}},"fnMap":{},"branchMap":{"0":{"loc":{"start":{"line":60,"column":3},"end":{"line":60,"column":83}},"type":"binary-expr","locations":[{"start":{"line":60,"column":3},"end":{"line":60,"column":39}},{"start":{"line":60,"column":43},"end":{"line":60,"column":83}}]}},"s":{"0":10,"1":10,"2":10},"f":{},"b":{"0":[10,10]}}
,"/Users/shakedcrissy/FreshStart/server/src/routes/ai.ts": {"path":"/Users/shakedcrissy/FreshStart/server/src/routes/ai.ts","statementMap":{"0":{"start":{"line":1,"column":0},"end":{"line":1,"column":33}},"1":{"start":{"line":2,"column":0},"end":{"line":2,"column":59}},"2":{"start":{"line":3,"column":0},"end":{"line":3,"column":60}},"3":{"start":{"line":5,"column":15},"end":{"line":5,"column":23}},"4":{"start":{"line":9,"column":19},"end":{"line":9,"column":27}},"5":{"start":{"line":7,"column":0},"end":{"line":7,"column":48}}},"fnMap":{},"branchMap":{},"s":{"0":10,"1":10,"2":10,"3":10,"4":10,"5":10},"f":{},"b":{}}
,"/Users/shakedcrissy/FreshStart/server/src/routes/auth.ts": {"path":"/Users/shakedcrissy/FreshStart/server/src/routes/auth.ts","statementMap":{"0":{"start":{"line":1,"column":0},"end":{"line":1,"column":30}},"1":{"start":{"line":2,"column":0},"end":{"line":2,"column":95}},"2":{"start":{"line":4,"column":15},"end":{"line":4,"column":31}},"3":{"start":{"line":43,"column":0},"end":{"line":43,"column":35}},"4":{"start":{"line":70,"column":0},"end":{"line":70,"column":29}},"5":{"start":{"line":95,"column":0},"end":{"line":95,"column":33}},"6":{"start":{"line":119,"column":0},"end":{"line":119,"column":31}},"7":{"start":{"line":144,"column":0},"end":{"line":144,"column":36}},"8":{"start":{"line":146,"column":13},"end":{"line":146,"column":33}}},"fnMap":{},"branchMap":{},"s":{"0":10,"1":10,"2":10,"3":10,"4":10,"5":10,"6":10,"7":10,"8":10},"f":{},"b":{}}
,"/Users/shakedcrissy/FreshStart/server/src/routes/comments.ts": {"path":"/Users/shakedcrissy/FreshStart/server/src/routes/comments.ts","statementMap":{"0":{"start":{"line":1,"column":0},"end":{"line":1,"column":30}},"1":{"start":{"line":2,"column":0},"end":{"line":2,"column":60}},"2":{"start":{"line":3,"column":0},"end":{"line":3,"column":91}},"3":{"start":{"line":5,"column":15},"end":{"line":5,"column":31}},"4":{"start":{"line":44,"column":0},"end":{"line":44,"column":49}},"5":{"start":{"line":64,"column":0},"end":{"line":64,"column":49}},"6":{"start":{"line":88,"column":0},"end":{"line":88,"column":57}},"7":{"start":{"line":90,"column":13},"end":{"line":90,"column":37}}},"fnMap":{},"branchMap":{},"s":{"0":10,"1":10,"2":10,"3":10,"4":10,"5":10,"6":10,"7":10},"f":{},"b":{}}
,"/Users/shakedcrissy/FreshStart/server/src/routes/debug.ts": {"path":"/Users/shakedcrissy/FreshStart/server/src/routes/debug.ts","statementMap":{"0":{"start":{"line":1,"column":0},"end":{"line":1,"column":33}},"1":{"start":{"line":2,"column":0},"end":{"line":2,"column":60}},"2":{"start":{"line":4,"column":13},"end":{"line":4,"column":36}},"3":{"start":{"line":25,"column":0},"end":{"line":27,"column":3}},"4":{"start":{"line":26,"column":2},"end":{"line":26,"column":47}}},"fnMap":{"0":{"name":"(anonymous_0)","decl":{"start":{"line":25,"column":40},"end":{"line":25,"column":41}},"loc":{"start":{"line":25,"column":53},"end":{"line":27,"column":1}}}},"branchMap":{},"s":{"0":10,"1":10,"2":10,"3":10,"4":2},"f":{"0":2},"b":{}}
,"/Users/shakedcrissy/FreshStart/server/src/routes/likes.ts": {"path":"/Users/shakedcrissy/FreshStart/server/src/routes/likes.ts","statementMap":{"0":{"start":{"line":1,"column":0},"end":{"line":1,"column":30}},"1":{"start":{"line":2,"column":0},"end":{"line":2,"column":60}},"2":{"start":{"line":3,"column":0},"end":{"line":3,"column":80}},"3":{"start":{"line":5,"column":15},"end":{"line":5,"column":31}},"4":{"start":{"line":34,"column":0},"end":{"line":34,"column":47}},"5":{"start":{"line":56,"column":0},"end":{"line":56,"column":51}},"6":{"start":{"line":76,"column":0},"end":{"line":76,"column":46}},"7":{"start":{"line":78,"column":13},"end":{"line":78,"column":34}}},"fnMap":{},"branchMap":{},"s":{"0":10,"1":10,"2":10,"3":10,"4":10,"5":10,"6":10,"7":10},"f":{},"b":{}}
,"/Users/shakedcrissy/FreshStart/server/src/routes/posts.ts": {"path":"/Users/shakedcrissy/FreshStart/server/src/routes/posts.ts","statementMap":{"0":{"start":{"line":1,"column":0},"end":{"line":1,"column":30}},"1":{"start":{"line":2,"column":0},"end":{"line":2,"column":28}},"2":{"start":{"line":3,"column":0},"end":{"line":3,"column":24}},"3":{"start":{"line":4,"column":0},"end":{"line":4,"column":60}},"4":{"start":{"line":5,"column":0},"end":{"line":5,"column":91}},"5":{"start":{"line":7,"column":16},"end":{"line":15,"column":2}},"6":{"start":{"line":9,"column":4},"end":{"line":9,"column":25}},"7":{"start":{"line":12,"column":23},"end":{"line":12,"column":107}},"8":{"start":{"line":13,"column":4},"end":{"line":13,"column":25}},"9":{"start":{"line":17,"column":15},"end":{"line":25,"column":2}},"10":{"start":{"line":21,"column":20},"end":{"line":21,"column":39}},"11":{"start":{"line":22,"column":20},"end":{"line":22,"column":79}},"12":{"start":{"line":23,"column":4},"end":{"line":23,"column":68}},"13":{"start":{"line":27,"column":15},"end":{"line":27,"column":31}},"14":{"start":{"line":63,"column":0},"end":{"line":63,"column":66}},"15":{"start":{"line":89,"column":0},"end":{"line":89,"column":42}},"16":{"start":{"line":125,"column":0},"end":{"line":125,"column":66}},"17":{"start":{"line":147,"column":0},"end":{"line":147,"column":47}},"18":{"start":{"line":149,"column":13},"end":{"line":149,"column":34}}},"fnMap":{"0":{"name":"(anonymous_1)","decl":{"start":{"line":8,"column":15},"end":{"line":8,"column":16}},"loc":{"start":{"line":8,"column":35},"end":{"line":10,"column":3}}},"1":{"name":"(anonymous_2)","decl":{"start":{"line":11,"column":12},"end":{"line":11,"column":13}},"loc":{"start":{"line":11,"column":31},"end":{"line":14,"column":3}}},"2":{"name":"(anonymous_3)","decl":{"start":{"line":20,"column":14},"end":{"line":20,"column":15}},"loc":{"start":{"line":20,"column":33},"end":{"line":24,"column":3}}}},"branchMap":{"0":{"loc":{"start":{"line":23,"column":4},"end":{"line":23,"column":67}},"type":"cond-expr","locations":[{"start":{"line":23,"column":14},"end":{"line":23,"column":28}},{"start":{"line":23,"column":31},"end":{"line":23,"column":67}}]}},"s":{"0":10,"1":10,"2":10,"3":10,"4":10,"5":10,"6":0,"7":0,"8":0,"9":10,"10":0,"11":0,"12":0,"13":10,"14":10,"15":10,"16":10,"17":10,"18":10},"f":{"0":0,"1":0,"2":0},"b":{"0":[0,0]}}
,"/Users/shakedcrissy/FreshStart/server/src/routes/quitting.ts": {"path":"/Users/shakedcrissy/FreshStart/server/src/routes/quitting.ts","statementMap":{"0":{"start":{"line":1,"column":0},"end":{"line":1,"column":33}},"1":{"start":{"line":2,"column":0},"end":{"line":2,"column":60}},"2":{"start":{"line":3,"column":0},"end":{"line":3,"column":null}},"3":{"start":{"line":13,"column":13},"end":{"line":13,"column":39}},"4":{"start":{"line":34,"column":0},"end":{"line":34,"column":60}},"5":{"start":{"line":59,"column":0},"end":{"line":59,"column":58}},"6":{"start":{"line":75,"column":0},"end":{"line":75,"column":56}},"7":{"start":{"line":100,"column":0},"end":{"line":100,"column":68}},"8":{"start":{"line":114,"column":0},"end":{"line":114,"column":64}},"9":{"start":{"line":135,"column":0},"end":{"line":135,"column":59}},"10":{"start":{"line":156,"column":0},"end":{"line":156,"column":63}}},"fnMap":{},"branchMap":{},"s":{"0":10,"1":10,"2":10,"3":10,"4":10,"5":10,"6":10,"7":10,"8":10,"9":10,"10":10},"f":{},"b":{}}
,"/Users/shakedcrissy/FreshStart/server/src/routes/users.ts": {"path":"/Users/shakedcrissy/FreshStart/server/src/routes/users.ts","statementMap":{"0":{"start":{"line":1,"column":0},"end":{"line":1,"column":30}},"1":{"start":{"line":2,"column":0},"end":{"line":2,"column":60}},"2":{"start":{"line":3,"column":0},"end":{"line":3,"column":89}},"3":{"start":{"line":4,"column":0},"end":{"line":4,"column":28}},"4":{"start":{"line":5,"column":0},"end":{"line":5,"column":24}},"5":{"start":{"line":7,"column":16},"end":{"line":13,"column":2}},"6":{"start":{"line":8,"column":36},"end":{"line":8,"column":56}},"7":{"start":{"line":10,"column":19},"end":{"line":10,"column":69}},"8":{"start":{"line":11,"column":4},"end":{"line":11,"column":55}},"9":{"start":{"line":15,"column":15},"end":{"line":22,"column":2}},"10":{"start":{"line":19,"column":20},"end":{"line":19,"column":39}},"11":{"start":{"line":20,"column":4},"end":{"line":20,"column":42}},"12":{"start":{"line":24,"column":15},"end":{"line":24,"column":31}},"13":{"start":{"line":53,"column":0},"end":{"line":53,"column":50}},"14":{"start":{"line":80,"column":0},"end":{"line":80,"column":84}},"15":{"start":{"line":102,"column":0},"end":{"line":102,"column":58}},"16":{"start":{"line":104,"column":13},"end":{"line":104,"column":34}}},"fnMap":{"0":{"name":"(anonymous_1)","decl":{"start":{"line":8,"column":15},"end":{"line":8,"column":16}},"loc":{"start":{"line":8,"column":36},"end":{"line":8,"column":56}}},"1":{"name":"(anonymous_2)","decl":{"start":{"line":9,"column":12},"end":{"line":9,"column":13}},"loc":{"start":{"line":9,"column":31},"end":{"line":12,"column":3}}},"2":{"name":"(anonymous_3)","decl":{"start":{"line":18,"column":14},"end":{"line":18,"column":15}},"loc":{"start":{"line":18,"column":33},"end":{"line":21,"column":3}}}},"branchMap":{},"s":{"0":10,"1":10,"2":10,"3":10,"4":10,"5":10,"6":0,"7":0,"8":0,"9":10,"10":0,"11":0,"12":10,"13":10,"14":10,"15":10,"16":10},"f":{"0":0,"1":0,"2":0},"b":{}}
,"/Users/shakedcrissy/FreshStart/server/src/services/ai.service.ts": {"path":"/Users/shakedcrissy/FreshStart/server/src/services/ai.service.ts","statementMap":{"0":{"start":{"line":7,"column":0},"end":{"line":7,"column":7}},"1":{"start":{"line":1,"column":0},"end":{"line":1,"column":28}},"2":{"start":{"line":3,"column":15},"end":{"line":5,"column":8}},"3":{"start":{"line":8,"column":2},"end":{"line":8,"column":36}},"4":{"start":{"line":8,"column":26},"end":{"line":8,"column":36}},"5":{"start":{"line":10,"column":2},"end":{"line":12,"column":3}},"6":{"start":{"line":11,"column":4},"end":{"line":11,"column":29}},"7":{"start":{"line":14,"column":23},"end":{"line":14,"column":41}},"8":{"start":{"line":15,"column":20},"end":{"line":17,"column":14}},"9":{"start":{"line":16,"column":4},"end":{"line":16,"column":75}},"10":{"start":{"line":19,"column":19},"end":{"line":41,"column":4}},"11":{"start":{"line":43,"column":18},"end":{"line":43,"column":63}},"12":{"start":{"line":44,"column":24},"end":{"line":44,"column":43}},"13":{"start":{"line":45,"column":2},"end":{"line":45,"column":59}},"14":{"start":{"line":45,"column":27},"end":{"line":45,"column":57}}},"fnMap":{"0":{"name":"searchPostsWithAI","decl":{"start":{"line":7,"column":22},"end":{"line":7,"column":39}},"loc":{"start":{"line":7,"column":67},"end":{"line":46,"column":1}}},"1":{"name":"(anonymous_2)","decl":{"start":{"line":15,"column":37},"end":{"line":15,"column":38}},"loc":{"start":{"line":16,"column":4},"end":{"line":16,"column":75}}},"2":{"name":"(anonymous_3)","decl":{"start":{"line":45,"column":22},"end":{"line":45,"column":23}},"loc":{"start":{"line":45,"column":27},"end":{"line":45,"column":57}}}},"branchMap":{"0":{"loc":{"start":{"line":3,"column":15},"end":{"line":5,"column":8}},"type":"cond-expr","locations":[{"start":{"line":4,"column":4},"end":{"line":4,"column":54}},{"start":{"line":5,"column":4},"end":{"line":5,"column":8}}]},"1":{"loc":{"start":{"line":8,"column":2},"end":{"line":8,"column":36}},"type":"if","locations":[{"start":{"line":8,"column":2},"end":{"line":8,"column":36}},{"start":{},"end":{}}]},"2":{"loc":{"start":{"line":10,"column":2},"end":{"line":12,"column":3}},"type":"if","locations":[{"start":{"line":10,"column":2},"end":{"line":12,"column":3}},{"start":{},"end":{}}]},"3":{"loc":{"start":{"line":10,"column":6},"end":{"line":10,"column":48}},"type":"binary-expr","locations":[{"start":{"line":10,"column":6},"end":{"line":10,"column":37}},{"start":{"line":10,"column":41},"end":{"line":10,"column":48}}]},"4":{"loc":{"start":{"line":43,"column":18},"end":{"line":43,"column":63}},"type":"binary-expr","locations":[{"start":{"line":43,"column":18},"end":{"line":43,"column":55}},{"start":{"line":43,"column":59},"end":{"line":43,"column":63}}]}},"s":{"0":10,"1":10,"2":10,"3":0,"4":0,"5":0,"6":0,"7":0,"8":0,"9":0,"10":0,"11":0,"12":0,"13":0,"14":0},"f":{"0":0,"1":0,"2":0},"b":{"0":[0,10],"1":[0,0],"2":[0,0],"3":[0,0],"4":[0,0]}}
}
