TN:
SF:src/app.ts
FN:37,(anonymous_1)
FNF:1
FNH:1
FNDA:1,(anonymous_1)
DA:1,10
DA:2,10
DA:3,10
DA:4,10
DA:5,10
DA:6,10
DA:7,10
DA:8,10
DA:9,10
DA:10,10
DA:11,10
DA:12,10
DA:13,10
DA:14,10
DA:15,10
DA:17,10
DA:19,10
DA:26,10
DA:27,10
DA:28,10
DA:29,10
DA:30,10
DA:31,10
DA:32,10
DA:33,10
DA:34,10
DA:35,10
DA:37,10
DA:38,1
DA:41,10
LF:30
LH:30
BRDA:2,0,0,10
BRDA:2,0,1,0
BRDA:20,1,0,0
BRDA:20,1,1,10
BRF:4
BRH:2
end_of_record
TN:
SF:src/swagger.ts
FNF:0
FNH:0
DA:1,10
DA:3,10
DA:4,10
DA:6,10
DA:31,10
LF:5
LH:5
BRDA:4,0,0,10
BRDA:4,0,1,10
BRF:2
BRH:2
end_of_record
TN:
SF:src/controllers/ai.controller.ts
FN:5,searchPosts
FNF:1
FNH:0
FNDA:0,searchPosts
DA:2,10
DA:3,10
DA:5,10
DA:6,0
DA:7,0
DA:8,0
DA:9,0
DA:10,0
DA:13,0
DA:18,0
DA:19,0
DA:21,0
DA:22,0
LF:13
LH:3
BRDA:8,0,0,0
BRDA:8,0,1,0
BRDA:8,1,0,0
BRDA:8,1,1,0
BRF:4
BRH:0
end_of_record
TN:
SF:src/controllers/auth.controller.ts
FN:18,generateTokens
FN:46,register
FN:70,login
FN:94,googleLogin
FN:132,refresh
FN:155,logout
FNF:6
FNH:5
FNDA:10,generateTokens
FNDA:12,register
FNDA:4,login
FNDA:0,googleLogin
FNDA:6,refresh
FNDA:3,logout
DA:1,10
DA:2,10
DA:3,10
DA:5,10
DA:6,10
DA:8,10
DA:13,10
DA:19,10
DA:20,10
DA:22,10
DA:28,10
DA:34,10
DA:35,10
DA:37,10
DA:43,10
DA:46,10
DA:47,12
DA:48,12
DA:49,12
DA:51,10
DA:52,10
DA:53,10
DA:55,9
DA:56,9
DA:58,9
DA:60,9
DA:66,0
DA:70,10
DA:71,4
DA:72,4
DA:73,4
DA:75,3
DA:76,3
DA:77,3
DA:79,2
DA:80,2
DA:82,1
DA:84,1
DA:90,0
DA:94,10
DA:95,0
DA:96,0
DA:97,0
DA:99,0
DA:100,0
DA:102,0
DA:104,0
DA:106,0
DA:107,0
DA:108,0
DA:109,0
DA:113,0
DA:120,0
DA:122,0
DA:128,0
DA:132,10
DA:133,6
DA:134,6
DA:136,5
DA:137,5
DA:139,1
DA:140,1
DA:141,1
DA:143,1
DA:149,1
DA:151,0
DA:155,10
DA:156,3
DA:157,3
DA:158,3
DA:160,2
DA:161,2
DA:163,0
LF:73
LH:54
BRDA:19,0,0,10
BRDA:19,0,1,0
BRDA:20,1,0,10
BRDA:20,1,1,0
BRDA:49,2,0,2
BRDA:49,2,1,10
BRDA:53,3,0,1
BRDA:53,3,1,9
BRDA:63,4,0,9
BRDA:63,4,1,9
BRDA:63,5,0,9
BRDA:63,5,1,9
BRDA:73,6,0,1
BRDA:73,6,1,3
BRDA:77,7,0,1
BRDA:77,7,1,2
BRDA:77,8,0,3
BRDA:77,8,1,2
BRDA:80,9,0,1
BRDA:80,9,1,1
BRDA:87,10,0,1
BRDA:87,10,1,1
BRDA:87,11,0,1
BRDA:87,11,1,1
BRDA:97,12,0,0
BRDA:97,12,1,0
BRDA:102,13,0,0
BRDA:102,13,1,0
BRDA:106,14,0,0
BRDA:106,14,1,0
BRDA:109,15,0,0
BRDA:109,15,1,0
BRDA:125,16,0,0
BRDA:125,16,1,0
BRDA:125,17,0,0
BRDA:125,17,1,0
BRDA:134,18,0,1
BRDA:134,18,1,5
BRDA:137,19,0,4
BRDA:137,19,1,1
BRDA:140,20,0,1
BRDA:140,20,1,0
BRDA:145,21,0,1
BRDA:145,21,1,0
BRDA:158,22,0,1
BRDA:158,22,1,2
BRF:46
BRH:30
end_of_record
TN:
SF:src/controllers/comment.controller.ts
FN:7,addComment
FN:26,getComments
FN:40,deleteComment
FNF:3
FNH:3
FNDA:5,addComment
FNDA:1,getComments
FNDA:2,deleteComment
DA:3,10
DA:4,10
DA:5,10
DA:7,10
DA:8,5
DA:9,5
DA:10,5
DA:11,5
DA:13,5
DA:15,4
DA:16,4
DA:18,4
DA:20,4
DA:22,0
DA:26,10
DA:27,1
DA:28,1
DA:30,1
DA:34,1
DA:36,0
DA:40,10
DA:41,2
DA:42,2
DA:43,2
DA:45,2
DA:46,2
DA:48,2
DA:49,1
DA:52,1
DA:53,1
DA:55,1
DA:57,0
LF:32
LH:29
BRDA:13,0,0,1
BRDA:13,0,1,4
BRDA:46,1,0,0
BRDA:46,1,1,2
BRDA:48,2,0,1
BRDA:48,2,1,1
BRF:6
BRH:5
end_of_record
TN:
SF:src/controllers/like.controller.ts
FN:7,likePost
FN:24,unlikePost
FN:41,getLikes
FNF:3
FNH:3
FNDA:5,likePost
FNDA:2,unlikePost
FNDA:1,getLikes
DA:3,10
DA:4,10
DA:5,10
DA:7,10
DA:8,5
DA:9,5
DA:10,5
DA:12,5
DA:13,5
DA:15,4
DA:16,4
DA:18,4
DA:20,0
DA:24,10
DA:25,2
DA:26,2
DA:27,2
DA:29,2
DA:30,2
DA:32,1
DA:33,1
DA:35,1
DA:37,0
DA:41,10
DA:42,1
DA:43,1
DA:44,1
DA:46,1
DA:47,1
DA:49,1
DA:51,0
LF:31
LH:28
BRDA:13,0,0,1
BRDA:13,0,1,4
BRDA:30,1,0,1
BRDA:30,1,1,1
BRF:4
BRH:4
end_of_record
TN:
SF:src/controllers/post.controller.ts
FN:8,createPost
FN:31,getFeed
FN:44,(anonymous_3)
FN:50,(anonymous_4)
FN:52,(anonymous_5)
FN:66,editPost
FN:106,deletePost
FNF:7
FNH:6
FNDA:7,createPost
FNDA:1,getFeed
FNDA:1,(anonymous_3)
FNDA:0,(anonymous_4)
FNDA:1,(anonymous_5)
FNDA:2,editPost
FNDA:2,deletePost
DA:2,10
DA:3,10
DA:5,10
DA:6,10
DA:8,10
DA:9,7
DA:10,7
DA:11,7
DA:13,6
DA:15,6
DA:21,6
DA:22,6
DA:23,6
DA:25,6
DA:27,0
DA:31,10
DA:32,1
DA:33,1
DA:34,1
DA:35,1
DA:37,1
DA:39,1
DA:44,1
DA:45,1
DA:50,1
DA:52,1
DA:53,1
DA:54,1
DA:55,1
DA:58,1
DA:60,1
DA:62,0
DA:66,10
DA:67,2
DA:68,2
DA:69,2
DA:70,2
DA:72,2
DA:73,2
DA:75,2
DA:76,1
DA:79,1
DA:80,0
DA:81,0
DA:82,0
DA:83,1
DA:84,0
DA:85,0
DA:86,0
DA:88,0
DA:91,1
DA:92,1
DA:94,1
DA:95,1
DA:97,1
DA:98,1
DA:100,1
DA:102,0
DA:106,10
DA:107,2
DA:108,2
DA:110,2
DA:111,2
DA:113,2
DA:114,1
DA:117,1
DA:118,0
DA:119,0
DA:122,1
DA:123,1
DA:125,0
LF:71
LH:58
BRDA:11,0,0,1
BRDA:11,0,1,6
BRDA:13,1,0,0
BRDA:13,1,1,6
BRDA:33,2,0,1
BRDA:33,2,1,1
BRDA:37,3,0,0
BRDA:37,3,1,1
BRDA:58,4,0,0
BRDA:58,4,1,1
BRDA:58,5,0,0
BRDA:58,5,1,0
BRDA:73,6,0,0
BRDA:73,6,1,2
BRDA:75,7,0,1
BRDA:75,7,1,1
BRDA:79,8,0,0
BRDA:79,8,1,1
BRDA:79,9,0,1
BRDA:79,9,1,0
BRDA:81,10,0,0
BRDA:81,10,1,0
BRDA:83,11,0,0
BRDA:83,11,1,1
BRDA:84,12,0,0
BRDA:84,12,1,0
BRDA:86,13,0,0
BRDA:86,13,1,0
BRDA:91,14,0,1
BRDA:91,14,1,0
BRDA:111,15,0,0
BRDA:111,15,1,2
BRDA:113,16,0,1
BRDA:113,16,1,1
BRDA:117,17,0,0
BRDA:117,17,1,1
BRDA:119,18,0,0
BRDA:119,18,1,0
BRF:38
BRH:18
end_of_record
TN:
SF:src/controllers/quitting.controller.ts
FN:5,calculateTimeDifference
FN:17,getQuittingStats
FN:48,getUserQuittingStats
FN:80,startQuitting
FN:116,stopQuitting
FN:151,updateQuittingDate
FN:188,getQuittingHistory
FN:211,getUserQuittingHistory
FNF:8
FNH:0
FNDA:0,calculateTimeDifference
FNDA:0,getQuittingStats
FNDA:0,getUserQuittingStats
FNDA:0,startQuitting
FNDA:0,stopQuitting
FNDA:0,updateQuittingDate
FNDA:0,getQuittingHistory
FNDA:0,getUserQuittingHistory
DA:2,10
DA:6,0
DA:7,0
DA:9,0
DA:10,0
DA:11,0
DA:13,0
DA:17,10
DA:18,0
DA:19,0
DA:20,0
DA:22,0
DA:23,0
DA:25,0
DA:33,0
DA:34,0
DA:41,0
DA:43,0
DA:48,10
DA:49,0
DA:50,0
DA:52,0
DA:53,0
DA:55,0
DA:64,0
DA:65,0
DA:73,0
DA:75,0
DA:80,10
DA:81,0
DA:82,0
DA:83,0
DA:85,0
DA:86,0
DA:89,0
DA:90,0
DA:91,0
DA:93,0
DA:101,0
DA:102,0
DA:104,0
DA:105,0
DA:111,0
DA:116,10
DA:117,0
DA:118,0
DA:119,0
DA:121,0
DA:122,0
DA:124,0
DA:125,0
DA:128,0
DA:129,0
DA:131,0
DA:137,0
DA:138,0
DA:140,0
DA:146,0
DA:151,10
DA:152,0
DA:153,0
DA:154,0
DA:156,0
DA:157,0
DA:159,0
DA:160,0
DA:161,0
DA:165,0
DA:166,0
DA:169,0
DA:170,0
DA:172,0
DA:173,0
DA:175,0
DA:176,0
DA:183,0
DA:188,10
DA:189,0
DA:190,0
DA:191,0
DA:193,0
DA:194,0
DA:196,0
DA:206,0
DA:211,10
DA:212,0
DA:213,0
DA:215,0
DA:216,0
DA:218,0
DA:228,0
LF:91
LH:8
BRDA:20,0,0,0
BRDA:20,0,1,0
BRDA:23,1,0,0
BRDA:23,1,1,0
BRDA:33,2,0,0
BRDA:33,2,1,0
BRDA:53,3,0,0
BRDA:53,3,1,0
BRDA:64,4,0,0
BRDA:64,4,1,0
BRDA:83,5,0,0
BRDA:83,5,1,0
BRDA:86,6,0,0
BRDA:86,6,1,0
BRDA:89,7,0,0
BRDA:89,7,1,0
BRDA:119,8,0,0
BRDA:119,8,1,0
BRDA:122,9,0,0
BRDA:122,9,1,0
BRDA:124,10,0,0
BRDA:124,10,1,0
BRDA:154,11,0,0
BRDA:154,11,1,0
BRDA:157,12,0,0
BRDA:157,12,1,0
BRDA:160,13,0,0
BRDA:160,13,1,0
BRDA:165,14,0,0
BRDA:165,14,1,0
BRDA:170,15,0,0
BRDA:170,15,1,0
BRDA:191,16,0,0
BRDA:191,16,1,0
BRDA:194,17,0,0
BRDA:194,17,1,0
BRDA:197,18,0,0
BRDA:197,18,1,0
BRDA:198,19,0,0
BRDA:198,19,1,0
BRDA:216,20,0,0
BRDA:216,20,1,0
BRDA:219,21,0,0
BRDA:219,21,1,0
BRDA:220,22,0,0
BRDA:220,22,1,0
BRF:46
BRH:0
end_of_record
TN:
SF:src/controllers/user.controller.ts
FN:9,getProfile
FN:24,updateProfile
FN:56,getUserPosts
FN:68,(anonymous_4)
FN:74,(anonymous_5)
FN:76,(anonymous_6)
FNF:6
FNH:5
FNDA:2,getProfile
FNDA:2,updateProfile
FNDA:1,getUserPosts
FNDA:1,(anonymous_4)
FNDA:0,(anonymous_5)
FNDA:1,(anonymous_6)
DA:3,10
DA:4,10
DA:5,10
DA:6,10
DA:7,10
DA:9,10
DA:10,2
DA:11,2
DA:13,2
DA:14,2
DA:16,1
DA:18,1
DA:20,0
DA:24,10
DA:25,2
DA:26,2
DA:27,2
DA:29,2
DA:30,2
DA:32,2
DA:33,2
DA:34,2
DA:35,1
DA:38,1
DA:39,0
DA:40,0
DA:41,0
DA:43,0
DA:46,1
DA:48,1
DA:49,1
DA:50,1
DA:52,0
DA:56,10
DA:57,1
DA:58,1
DA:59,1
DA:61,1
DA:62,1
DA:64,1
DA:68,1
DA:69,1
DA:74,1
DA:76,1
DA:77,1
DA:78,1
DA:79,1
DA:82,1
DA:84,0
LF:49
LH:42
BRDA:14,0,0,1
BRDA:14,0,1,1
BRDA:30,1,0,0
BRDA:30,1,1,2
BRDA:32,2,0,2
BRDA:32,2,1,0
BRDA:32,3,0,2
BRDA:32,3,1,2
BRDA:34,4,0,1
BRDA:34,4,1,1
BRDA:38,5,0,0
BRDA:38,5,1,1
BRDA:39,6,0,0
BRDA:39,6,1,0
BRDA:41,7,0,0
BRDA:41,7,1,0
BRDA:62,8,0,0
BRDA:62,8,1,1
BRF:18
BRH:10
end_of_record
TN:
SF:src/middleware/auth.middleware.ts
FN:13,requireAuth
FNF:1
FNH:1
FNDA:43,requireAuth
DA:2,10
DA:13,10
DA:18,43
DA:20,43
DA:21,6
DA:24,37
DA:26,37
DA:27,37
DA:28,0
DA:31,37
DA:32,37
DA:39,35
DA:40,35
DA:42,2
LF:14
LH:13
BRDA:20,0,0,6
BRDA:20,0,1,37
BRDA:20,1,0,43
BRDA:20,1,1,38
BRDA:27,2,0,0
BRDA:27,2,1,37
BRF:6
BRH:5
end_of_record
TN:
SF:src/models/Comment.ts
FNF:0
FNH:0
DA:1,10
DA:3,10
DA:25,10
LF:3
LH:3
BRDA:26,0,0,10
BRDA:26,0,1,10
BRF:2
BRH:2
end_of_record
TN:
SF:src/models/Post.ts
FNF:0
FNH:0
DA:1,10
DA:3,10
DA:42,10
LF:3
LH:3
BRDA:43,0,0,10
BRDA:43,0,1,10
BRF:2
BRH:2
end_of_record
TN:
SF:src/models/PostLike.ts
FNF:0
FNH:0
DA:1,10
DA:3,10
DA:19,10
DA:23,10
LF:4
LH:4
BRDA:24,0,0,10
BRDA:24,0,1,10
BRF:2
BRH:2
end_of_record
TN:
SF:src/models/RefreshToken.ts
FNF:0
FNH:0
DA:1,10
DA:3,10
DA:19,10
DA:21,10
LF:4
LH:4
BRF:0
BRH:0
end_of_record
TN:
SF:src/models/User.ts
FNF:0
FNH:0
DA:1,10
DA:3,10
DA:59,10
LF:3
LH:3
BRDA:60,0,0,10
BRDA:60,0,1,10
BRF:2
BRH:2
end_of_record
TN:
SF:src/routes/ai.ts
FNF:0
FNH:0
DA:1,10
DA:2,10
DA:3,10
DA:5,10
DA:7,10
DA:9,10
LF:6
LH:6
BRF:0
BRH:0
end_of_record
TN:
SF:src/routes/auth.ts
FNF:0
FNH:0
DA:1,10
DA:2,10
DA:4,10
DA:43,10
DA:70,10
DA:95,10
DA:119,10
DA:144,10
DA:146,10
LF:9
LH:9
BRF:0
BRH:0
end_of_record
TN:
SF:src/routes/comments.ts
FNF:0
FNH:0
DA:1,10
DA:2,10
DA:3,10
DA:5,10
DA:44,10
DA:64,10
DA:88,10
DA:90,10
LF:8
LH:8
BRF:0
BRH:0
end_of_record
TN:
SF:src/routes/debug.ts
FN:25,(anonymous_0)
FNF:1
FNH:1
FNDA:2,(anonymous_0)
DA:1,10
DA:2,10
DA:4,10
DA:25,10
DA:26,2
LF:5
LH:5
BRF:0
BRH:0
end_of_record
TN:
SF:src/routes/likes.ts
FNF:0
FNH:0
DA:1,10
DA:2,10
DA:3,10
DA:5,10
DA:34,10
DA:56,10
DA:76,10
DA:78,10
LF:8
LH:8
BRF:0
BRH:0
end_of_record
TN:
SF:src/routes/posts.ts
FN:8,(anonymous_1)
FN:11,(anonymous_2)
FN:20,(anonymous_3)
FNF:3
FNH:0
FNDA:0,(anonymous_1)
FNDA:0,(anonymous_2)
FNDA:0,(anonymous_3)
DA:1,10
DA:2,10
DA:3,10
DA:4,10
DA:5,10
DA:7,10
DA:9,0
DA:12,0
DA:13,0
DA:17,10
DA:21,0
DA:22,0
DA:23,0
DA:27,10
DA:63,10
DA:89,10
DA:125,10
DA:147,10
DA:149,10
LF:19
LH:13
BRDA:23,0,0,0
BRDA:23,0,1,0
BRF:2
BRH:0
end_of_record
TN:
SF:src/routes/quitting.ts
FNF:0
FNH:0
DA:1,10
DA:2,10
DA:3,10
DA:13,10
DA:34,10
DA:59,10
DA:75,10
DA:100,10
DA:114,10
DA:135,10
DA:156,10
LF:11
LH:11
BRF:0
BRH:0
end_of_record
TN:
SF:src/routes/users.ts
FN:8,(anonymous_1)
FN:9,(anonymous_2)
FN:18,(anonymous_3)
FNF:3
FNH:0
FNDA:0,(anonymous_1)
FNDA:0,(anonymous_2)
FNDA:0,(anonymous_3)
DA:1,10
DA:2,10
DA:3,10
DA:4,10
DA:5,10
DA:7,10
DA:8,0
DA:10,0
DA:11,0
DA:15,10
DA:19,0
DA:20,0
DA:24,10
DA:53,10
DA:80,10
DA:102,10
DA:104,10
LF:17
LH:12
BRF:0
BRH:0
end_of_record
TN:
SF:src/services/ai.service.ts
FN:7,searchPostsWithAI
FN:15,(anonymous_2)
FN:45,(anonymous_3)
FNF:3
FNH:0
FNDA:0,searchPostsWithAI
FNDA:0,(anonymous_2)
FNDA:0,(anonymous_3)
DA:1,10
DA:3,10
DA:7,10
DA:8,0
DA:10,0
DA:11,0
DA:14,0
DA:15,0
DA:16,0
DA:19,0
DA:43,0
DA:44,0
DA:45,0
LF:13
LH:3
BRDA:3,0,0,0
BRDA:3,0,1,10
BRDA:8,1,0,0
BRDA:8,1,1,0
BRDA:10,2,0,0
BRDA:10,2,1,0
BRDA:10,3,0,0
BRDA:10,3,1,0
BRDA:43,4,0,0
BRDA:43,4,1,0
BRF:10
BRH:1
end_of_record
